TpTrace Verbose: 0 : 14348, 1, 2022/03/03, 11:06:05.203, 13916749277139, vstest.console.dll, Version: 16.11.0
TpTrace Information: 0 : 14348, 1, 2022/03/03, 11:06:05.220, 13916749423943, vstest.console.dll, FilePatternParser: The given file C:\Users\User\source\repos\labsFrom12_OOP\lab12.UnitTests\bin\Debug\netcoreapp3.1\fine-code-coverage\build-output\lab12.UnitTests.dll is a full path.
TpTrace Verbose: 0 : 14348, 1, 2022/03/03, 11:06:05.235, 13916749580114, vstest.console.dll, TestPluginCache.DiscoverTestExtensions: finding test extensions in assemblies ends with: RuntimeProvider.dll TPluginInfo: Microsoft.VisualStudio.TestPlatform.Common.ExtensionFramework.Utilities.TestRuntimePluginInformation TExtension: Microsoft.VisualStudio.TestPlatform.ObjectModel.Host.ITestRuntimeProvider
TpTrace Verbose: 0 : 14348, 1, 2022/03/03, 11:06:05.244, 13916749667653, vstest.console.dll, TestPluginCache.GetExtensionPaths: Filtered extension paths: 
TpTrace Verbose: 0 : 14348, 1, 2022/03/03, 11:06:05.244, 13916749670295, vstest.console.dll, TestPluginCache.GetExtensionPaths: Added default extension paths: C:\Program Files\dotnet\sdk\5.0.405\Extensions\Microsoft.Diagnostics.NETCore.Client.dll
C:\Program Files\dotnet\sdk\5.0.405\Extensions\Microsoft.TestPlatform.Extensions.BlameDataCollector.dll
C:\Program Files\dotnet\sdk\5.0.405\Extensions\Microsoft.TestPlatform.Extensions.EventLogCollector.dll
C:\Program Files\dotnet\sdk\5.0.405\Extensions\Microsoft.TestPlatform.TestHostRuntimeProvider.dll
C:\Program Files\dotnet\sdk\5.0.405\Extensions\Microsoft.VisualStudio.TestPlatform.Extensions.Html.TestLogger.dll
C:\Program Files\dotnet\sdk\5.0.405\Extensions\Microsoft.VisualStudio.TestPlatform.Extensions.Trx.TestLogger.dll
TpTrace Verbose: 0 : 14348, 1, 2022/03/03, 11:06:05.244, 13916749670972, vstest.console.dll, TestPluginCache.GetExtensionPaths: Added unfilterableExtensionPaths: 
TpTrace Information: 0 : 14348, 1, 2022/03/03, 11:06:05.246, 13916749684581, vstest.console.dll, AssemblyResolver.ctor: Creating AssemblyResolver with searchDirectories C:\Program Files\dotnet\sdk\5.0.405\Extensions,C:\Program Files\dotnet\sdk\5.0.405
TpTrace Verbose: 0 : 14348, 1, 2022/03/03, 11:06:05.248, 13916749712243, vstest.console.dll, TestPluginCache.DiscoverTestExtensions: Discovering the extensions using extension path.
TpTrace Verbose: 0 : 14348, 1, 2022/03/03, 11:06:05.249, 13916749715597, vstest.console.dll, TestPluginCache.GetExtensionPaths: Filtered extension paths: 
TpTrace Verbose: 0 : 14348, 1, 2022/03/03, 11:06:05.249, 13916749716236, vstest.console.dll, TestPluginCache.GetExtensionPaths: Added default extension paths: C:\Program Files\dotnet\sdk\5.0.405\Extensions\Microsoft.Diagnostics.NETCore.Client.dll
C:\Program Files\dotnet\sdk\5.0.405\Extensions\Microsoft.TestPlatform.Extensions.BlameDataCollector.dll
C:\Program Files\dotnet\sdk\5.0.405\Extensions\Microsoft.TestPlatform.Extensions.EventLogCollector.dll
C:\Program Files\dotnet\sdk\5.0.405\Extensions\Microsoft.TestPlatform.TestHostRuntimeProvider.dll
C:\Program Files\dotnet\sdk\5.0.405\Extensions\Microsoft.VisualStudio.TestPlatform.Extensions.Html.TestLogger.dll
C:\Program Files\dotnet\sdk\5.0.405\Extensions\Microsoft.VisualStudio.TestPlatform.Extensions.Trx.TestLogger.dll
TpTrace Verbose: 0 : 14348, 1, 2022/03/03, 11:06:05.249, 13916749716788, vstest.console.dll, TestPluginCache.GetExtensionPaths: Added unfilterableExtensionPaths: 
TpTrace Verbose: 0 : 14348, 1, 2022/03/03, 11:06:05.249, 13916749717876, vstest.console.dll, TestPluginCache.DiscoverTestExtensions: Discovering the extensions using allExtensionPaths: C:\Program Files\dotnet\sdk\5.0.405\Extensions\Microsoft.Diagnostics.NETCore.Client.dll
C:\Program Files\dotnet\sdk\5.0.405\Extensions\Microsoft.TestPlatform.Extensions.BlameDataCollector.dll
C:\Program Files\dotnet\sdk\5.0.405\Extensions\Microsoft.TestPlatform.Extensions.EventLogCollector.dll
C:\Program Files\dotnet\sdk\5.0.405\Extensions\Microsoft.TestPlatform.TestHostRuntimeProvider.dll
C:\Program Files\dotnet\sdk\5.0.405\Extensions\Microsoft.VisualStudio.TestPlatform.Extensions.Html.TestLogger.dll
C:\Program Files\dotnet\sdk\5.0.405\Extensions\Microsoft.VisualStudio.TestPlatform.Extensions.Trx.TestLogger.dll
TpTrace Information: 0 : 14348, 1, 2022/03/03, 11:06:05.249, 13916749721429, vstest.console.dll, AssemblyResolver.AddSearchDirectories: Adding more searchDirectories C:\Program Files\dotnet\sdk\5.0.405\Extensions,C:\Program Files\dotnet\sdk\5.0.405
TpTrace Information: 0 : 14348, 1, 2022/03/03, 11:06:05.249, 13916749722489, vstest.console.dll, AssemblyResolver.AddSearchDirectories: Adding more searchDirectories C:\Program Files\dotnet\sdk\5.0.405\Extensions,C:\Program Files\dotnet\sdk\5.0.405
TpTrace Information: 0 : 14348, 1, 2022/03/03, 11:06:05.250, 13916749723036, vstest.console.dll, AssemblyResolver.AddSearchDirectories: Adding more searchDirectories C:\Program Files\dotnet\sdk\5.0.405\Extensions,C:\Program Files\dotnet\sdk\5.0.405
TpTrace Information: 0 : 14348, 1, 2022/03/03, 11:06:05.250, 13916749723551, vstest.console.dll, AssemblyResolver.AddSearchDirectories: Adding more searchDirectories C:\Program Files\dotnet\sdk\5.0.405\Extensions,C:\Program Files\dotnet\sdk\5.0.405
TpTrace Information: 0 : 14348, 1, 2022/03/03, 11:06:05.250, 13916749723955, vstest.console.dll, AssemblyResolver.AddSearchDirectories: Adding more searchDirectories C:\Program Files\dotnet\sdk\5.0.405\Extensions,C:\Program Files\dotnet\sdk\5.0.405
TpTrace Information: 0 : 14348, 1, 2022/03/03, 11:06:05.250, 13916749724353, vstest.console.dll, AssemblyResolver.AddSearchDirectories: Adding more searchDirectories C:\Program Files\dotnet\sdk\5.0.405\Extensions,C:\Program Files\dotnet\sdk\5.0.405
TpTrace Information: 0 : 14348, 1, 2022/03/03, 11:06:05.250, 13916749731632, vstest.console.dll, AssemblyResolver.OnResolve: Microsoft.Diagnostics.NETCore.Client: Resolving assembly.
TpTrace Information: 0 : 14348, 1, 2022/03/03, 11:06:05.250, 13916749732576, vstest.console.dll, AssemblyResolver.OnResolve: Microsoft.Diagnostics.NETCore.Client: Searching in: 'C:\Program Files\dotnet\sdk\5.0.405\Extensions'.
TpTrace Information: 0 : 14348, 1, 2022/03/03, 11:06:05.252, 13916749745550, vstest.console.dll, AssemblyResolver.OnResolve: Microsoft.Diagnostics.NETCore.Client: Loading assembly 'C:\Program Files\dotnet\sdk\5.0.405\Extensions\Microsoft.Diagnostics.NETCore.Client.dll'.
TpTrace Information: 0 : 14348, 1, 2022/03/03, 11:06:05.254, 13916749765525, vstest.console.dll, AssemblyResolver.OnResolve: Resolved assembly: Microsoft.Diagnostics.NETCore.Client, from path: C:\Program Files\dotnet\sdk\5.0.405\Extensions\Microsoft.Diagnostics.NETCore.Client.dll
TpTrace Information: 0 : 14348, 1, 2022/03/03, 11:06:05.260, 13916749830325, vstest.console.dll, AssemblyResolver.OnResolve: Microsoft.Bcl.AsyncInterfaces: Resolving assembly.
TpTrace Information: 0 : 14348, 1, 2022/03/03, 11:06:05.260, 13916749832334, vstest.console.dll, AssemblyResolver.OnResolve: Microsoft.Bcl.AsyncInterfaces: Searching in: 'C:\Program Files\dotnet\sdk\5.0.405\Extensions'.
TpTrace Information: 0 : 14348, 1, 2022/03/03, 11:06:05.261, 13916749833701, vstest.console.dll, AssemblyResolver.OnResolve: Microsoft.Bcl.AsyncInterfaces: Assembly path does not exist: 'C:\Program Files\dotnet\sdk\5.0.405\Extensions\Microsoft.Bcl.AsyncInterfaces.dll', returning.
TpTrace Information: 0 : 14348, 1, 2022/03/03, 11:06:05.261, 13916749834516, vstest.console.dll, AssemblyResolver.OnResolve: Microsoft.Bcl.AsyncInterfaces: Assembly path does not exist: 'C:\Program Files\dotnet\sdk\5.0.405\Extensions\Microsoft.Bcl.AsyncInterfaces.exe', returning.
TpTrace Information: 0 : 14348, 1, 2022/03/03, 11:06:05.261, 13916749835022, vstest.console.dll, AssemblyResolver.OnResolve: Microsoft.Bcl.AsyncInterfaces: Searching in: 'C:\Program Files\dotnet\sdk\5.0.405'.
TpTrace Information: 0 : 14348, 1, 2022/03/03, 11:06:05.261, 13916749835943, vstest.console.dll, AssemblyResolver.OnResolve: Microsoft.Bcl.AsyncInterfaces: Assembly path does not exist: 'C:\Program Files\dotnet\sdk\5.0.405\Microsoft.Bcl.AsyncInterfaces.dll', returning.
TpTrace Information: 0 : 14348, 1, 2022/03/03, 11:06:05.261, 13916749836852, vstest.console.dll, AssemblyResolver.OnResolve: Microsoft.Bcl.AsyncInterfaces: Assembly path does not exist: 'C:\Program Files\dotnet\sdk\5.0.405\Microsoft.Bcl.AsyncInterfaces.exe', returning.
TpTrace Information: 0 : 14348, 1, 2022/03/03, 11:06:05.261, 13916749838385, vstest.console.dll, AssemblyResolver.OnResolve: Microsoft.Bcl.AsyncInterfaces: Failed to load assembly.
TpTrace Verbose: 0 : 14348, 1, 2022/03/03, 11:06:05.261, 13916749839108, vstest.console.dll, CurrentDomainAssemblyResolve: Resolving assembly 'Microsoft.Bcl.AsyncInterfaces'.
TpTrace Information: 0 : 14348, 1, 2022/03/03, 11:06:05.261, 13916749840306, vstest.console.dll, AssemblyResolver.OnResolve: Microsoft.Bcl.AsyncInterfaces: Resolving assembly.
TpTrace Information: 0 : 14348, 1, 2022/03/03, 11:06:05.261, 13916749841007, vstest.console.dll, AssemblyResolver.OnResolve: Microsoft.Bcl.AsyncInterfaces: Resolved from cache.
TpTrace Verbose: 0 : 14348, 1, 2022/03/03, 11:06:05.261, 13916749841531, vstest.console.dll, CurrentDomainAssemblyResolve: Resolving assembly 'Microsoft.Bcl.AsyncInterfaces'.
TpTrace Verbose: 0 : 14348, 1, 2022/03/03, 11:06:05.261, 13916749842115, vstest.console.dll, CurrentDomainAssemblyResolve: Failed to resolve assembly 'Microsoft.Bcl.AsyncInterfaces'.
TpTrace Verbose: 0 : 14348, 1, 2022/03/03, 11:06:05.263, 13916749853870, vstest.console.dll, CurrentDomainAssemblyResolve: Failed to resolve assembly 'Microsoft.Bcl.AsyncInterfaces'.
TpTrace Warning: 0 : 14348, 1, 2022/03/03, 11:06:05.291, 13916750135658, vstest.console.dll, TestPluginDiscoverer: Failed to get types from assembly 'Microsoft.Diagnostics.NETCore.Client, Version=0.2.2.41902, Culture=neutral, PublicKeyToken=31bf3856ad364e35'.  Skipping test extension scan for this assembly.  Error: System.Reflection.ReflectionTypeLoadException: Unable to load one or more of the requested types.
Could not load file or assembly 'Microsoft.Bcl.AsyncInterfaces, Version=1.0.0.0, Culture=neutral, PublicKeyToken=cc7b13ffcd2ddd51'. Не удается найти указанный файл.
   at System.Reflection.RuntimeModule.GetTypes(RuntimeModule module)
   at System.Reflection.RuntimeModule.GetTypes()
   at System.Reflection.Assembly.GetTypes()
   at Microsoft.VisualStudio.TestPlatform.Common.ExtensionFramework.TestPluginDiscoverer.GetTestExtensionsFromAssembly[TPluginInfo,TExtension](Assembly assembly, Dictionary`2 pluginInfos)
System.IO.FileNotFoundException: Could not load file or assembly 'Microsoft.Bcl.AsyncInterfaces, Version=1.0.0.0, Culture=neutral, PublicKeyToken=cc7b13ffcd2ddd51'. Не удается найти указанный файл.
File name: 'Microsoft.Bcl.AsyncInterfaces, Version=1.0.0.0, Culture=neutral, PublicKeyToken=cc7b13ffcd2ddd51'
TpTrace Warning: 0 : 14348, 1, 2022/03/03, 11:06:05.291, 13916750140792, vstest.console.dll, LoaderExceptions: System.IO.FileNotFoundException: Could not load file or assembly 'Microsoft.Bcl.AsyncInterfaces, Version=1.0.0.0, Culture=neutral, PublicKeyToken=cc7b13ffcd2ddd51'. Не удается найти указанный файл.
File name: 'Microsoft.Bcl.AsyncInterfaces, Version=1.0.0.0, Culture=neutral, PublicKeyToken=cc7b13ffcd2ddd51'
TpTrace Information: 0 : 14348, 1, 2022/03/03, 11:06:05.292, 13916750143165, vstest.console.dll, AssemblyResolver.OnResolve: Microsoft.TestPlatform.Extensions.BlameDataCollector: Resolving assembly.
TpTrace Information: 0 : 14348, 1, 2022/03/03, 11:06:05.292, 13916750143869, vstest.console.dll, AssemblyResolver.OnResolve: Microsoft.TestPlatform.Extensions.BlameDataCollector: Searching in: 'C:\Program Files\dotnet\sdk\5.0.405\Extensions'.
TpTrace Information: 0 : 14348, 1, 2022/03/03, 11:06:05.293, 13916750155170, vstest.console.dll, AssemblyResolver.OnResolve: Microsoft.TestPlatform.Extensions.BlameDataCollector: Loading assembly 'C:\Program Files\dotnet\sdk\5.0.405\Extensions\Microsoft.TestPlatform.Extensions.BlameDataCollector.dll'.
TpTrace Information: 0 : 14348, 1, 2022/03/03, 11:06:05.294, 13916750171193, vstest.console.dll, AssemblyResolver.OnResolve: Resolved assembly: Microsoft.TestPlatform.Extensions.BlameDataCollector, from path: C:\Program Files\dotnet\sdk\5.0.405\Extensions\Microsoft.TestPlatform.Extensions.BlameDataCollector.dll
TpTrace Information: 0 : 14348, 1, 2022/03/03, 11:06:05.296, 13916750184662, vstest.console.dll, AssemblyResolver.OnResolve: Microsoft.TestPlatform.Extensions.EventLogCollector: Resolving assembly.
TpTrace Information: 0 : 14348, 1, 2022/03/03, 11:06:05.296, 13916750186567, vstest.console.dll, AssemblyResolver.OnResolve: Microsoft.TestPlatform.Extensions.EventLogCollector: Searching in: 'C:\Program Files\dotnet\sdk\5.0.405\Extensions'.
TpTrace Information: 0 : 14348, 1, 2022/03/03, 11:06:05.297, 13916750198755, vstest.console.dll, AssemblyResolver.OnResolve: Microsoft.TestPlatform.Extensions.EventLogCollector: Loading assembly 'C:\Program Files\dotnet\sdk\5.0.405\Extensions\Microsoft.TestPlatform.Extensions.EventLogCollector.dll'.
TpTrace Information: 0 : 14348, 1, 2022/03/03, 11:06:05.299, 13916750215862, vstest.console.dll, AssemblyResolver.OnResolve: Resolved assembly: Microsoft.TestPlatform.Extensions.EventLogCollector, from path: C:\Program Files\dotnet\sdk\5.0.405\Extensions\Microsoft.TestPlatform.Extensions.EventLogCollector.dll
TpTrace Information: 0 : 14348, 1, 2022/03/03, 11:06:05.304, 13916750270870, vstest.console.dll, AssemblyResolver.OnResolve: Microsoft.TestPlatform.TestHostRuntimeProvider: Resolving assembly.
TpTrace Information: 0 : 14348, 1, 2022/03/03, 11:06:05.304, 13916750272645, vstest.console.dll, AssemblyResolver.OnResolve: Microsoft.TestPlatform.TestHostRuntimeProvider: Searching in: 'C:\Program Files\dotnet\sdk\5.0.405\Extensions'.
TpTrace Information: 0 : 14348, 1, 2022/03/03, 11:06:05.305, 13916750281113, vstest.console.dll, AssemblyResolver.OnResolve: Microsoft.TestPlatform.TestHostRuntimeProvider: Loading assembly 'C:\Program Files\dotnet\sdk\5.0.405\Extensions\Microsoft.TestPlatform.TestHostRuntimeProvider.dll'.
TpTrace Information: 0 : 14348, 1, 2022/03/03, 11:06:05.306, 13916750291045, vstest.console.dll, AssemblyResolver.OnResolve: Resolved assembly: Microsoft.TestPlatform.TestHostRuntimeProvider, from path: C:\Program Files\dotnet\sdk\5.0.405\Extensions\Microsoft.TestPlatform.TestHostRuntimeProvider.dll
TpTrace Information: 0 : 14348, 1, 2022/03/03, 11:06:05.308, 13916750311257, vstest.console.dll, AssemblyResolver.OnResolve: Microsoft.VisualStudio.TestPlatform.Extensions.Html.TestLogger: Resolving assembly.
TpTrace Information: 0 : 14348, 1, 2022/03/03, 11:06:05.308, 13916750312811, vstest.console.dll, AssemblyResolver.OnResolve: Microsoft.VisualStudio.TestPlatform.Extensions.Html.TestLogger: Searching in: 'C:\Program Files\dotnet\sdk\5.0.405\Extensions'.
TpTrace Information: 0 : 14348, 1, 2022/03/03, 11:06:05.310, 13916750322892, vstest.console.dll, AssemblyResolver.OnResolve: Microsoft.VisualStudio.TestPlatform.Extensions.Html.TestLogger: Loading assembly 'C:\Program Files\dotnet\sdk\5.0.405\Extensions\Microsoft.VisualStudio.TestPlatform.Extensions.Html.TestLogger.dll'.
TpTrace Information: 0 : 14348, 1, 2022/03/03, 11:06:05.311, 13916750334386, vstest.console.dll, AssemblyResolver.OnResolve: Resolved assembly: Microsoft.VisualStudio.TestPlatform.Extensions.Html.TestLogger, from path: C:\Program Files\dotnet\sdk\5.0.405\Extensions\Microsoft.VisualStudio.TestPlatform.Extensions.Html.TestLogger.dll
TpTrace Information: 0 : 14348, 1, 2022/03/03, 11:06:05.311, 13916750341630, vstest.console.dll, AssemblyResolver.OnResolve: Microsoft.VisualStudio.TestPlatform.Extensions.Trx.TestLogger: Resolving assembly.
TpTrace Information: 0 : 14348, 1, 2022/03/03, 11:06:05.311, 13916750342734, vstest.console.dll, AssemblyResolver.OnResolve: Microsoft.VisualStudio.TestPlatform.Extensions.Trx.TestLogger: Searching in: 'C:\Program Files\dotnet\sdk\5.0.405\Extensions'.
TpTrace Information: 0 : 14348, 1, 2022/03/03, 11:06:05.312, 13916750352096, vstest.console.dll, AssemblyResolver.OnResolve: Microsoft.VisualStudio.TestPlatform.Extensions.Trx.TestLogger: Loading assembly 'C:\Program Files\dotnet\sdk\5.0.405\Extensions\Microsoft.VisualStudio.TestPlatform.Extensions.Trx.TestLogger.dll'.
TpTrace Information: 0 : 14348, 1, 2022/03/03, 11:06:05.314, 13916750367222, vstest.console.dll, AssemblyResolver.OnResolve: Resolved assembly: Microsoft.VisualStudio.TestPlatform.Extensions.Trx.TestLogger, from path: C:\Program Files\dotnet\sdk\5.0.405\Extensions\Microsoft.VisualStudio.TestPlatform.Extensions.Trx.TestLogger.dll
TpTrace Verbose: 0 : 14348, 1, 2022/03/03, 11:06:05.315, 13916750378504, vstest.console.dll, TestPluginCache: Discovered the extensions using extension path ''.
TpTrace Verbose: 0 : 14348, 1, 2022/03/03, 11:06:05.315, 13916750379826, vstest.console.dll, TestPluginCache: Discoverers are ''.
TpTrace Verbose: 0 : 14348, 1, 2022/03/03, 11:06:05.315, 13916750380249, vstest.console.dll, TestPluginCache: Executors are ''.
TpTrace Verbose: 0 : 14348, 1, 2022/03/03, 11:06:05.315, 13916750380646, vstest.console.dll, TestPluginCache: Executors2 are ''.
TpTrace Verbose: 0 : 14348, 1, 2022/03/03, 11:06:05.315, 13916750381041, vstest.console.dll, TestPluginCache: Setting providers are ''.
TpTrace Verbose: 0 : 14348, 1, 2022/03/03, 11:06:05.315, 13916750381443, vstest.console.dll, TestPluginCache: Loggers are ''.
TpTrace Information: 0 : 14348, 1, 2022/03/03, 11:06:05.324, 13916750468006, vstest.console.dll, RunTestsArgumentProcessor:Execute: Test run is starting.
TpTrace Verbose: 0 : 14348, 1, 2022/03/03, 11:06:05.324, 13916750469799, vstest.console.dll, RunTestsArgumentProcessor:Execute: Queuing Test run.
TpTrace Information: 0 : 14348, 1, 2022/03/03, 11:06:05.325, 13916750473277, vstest.console.dll, TestRequestManager.RunTests: run tests started.
TpTrace Information: 0 : 14348, 1, 2022/03/03, 11:06:05.329, 13916750522770, vstest.console.dll, AssemblyMetadataProvider.GetFrameWork: Determined framework:'.NETCoreApp,Version=v3.1' for source: 'C:\Users\User\source\repos\labsFrom12_OOP\lab12.UnitTests\bin\Debug\netcoreapp3.1\fine-code-coverage\build-output\lab12.UnitTests.dll'
TpTrace Information: 0 : 14348, 1, 2022/03/03, 11:06:05.330, 13916750526737, vstest.console.dll, Determined framework for all sources: .NETCoreApp,Version=v3.1
TpTrace Information: 0 : 14348, 1, 2022/03/03, 11:06:05.331, 13916750535070, vstest.console.dll, AssemblyMetadataProvider.GetArchitecture: Determined architecture:AnyCPU info for assembly: C:\Users\User\source\repos\labsFrom12_OOP\lab12.UnitTests\bin\Debug\netcoreapp3.1\fine-code-coverage\build-output\lab12.UnitTests.dll
TpTrace Information: 0 : 14348, 1, 2022/03/03, 11:06:05.334, 13916750565946, vstest.console.dll, Determined platform for all sources: X64
TpTrace Information: 0 : 14348, 1, 2022/03/03, 11:06:05.338, 13916750610692, vstest.console.dll, Compatible sources list : 
TpTrace Information: 0 : 14348, 1, 2022/03/03, 11:06:05.339, 13916750613242, vstest.console.dll, C:\Users\User\source\repos\labsFrom12_OOP\lab12.UnitTests\bin\Debug\netcoreapp3.1\fine-code-coverage\build-output\lab12.UnitTests.dll
TpTrace Information: 0 : 14348, 1, 2022/03/03, 11:06:05.342, 13916750647077, vstest.console.dll, InferRunSettingsHelper.IsTestSettingsEnabled: Unable to navigate to RunSettings/MSTest. Current node: RunSettings
TpTrace Information: 0 : 14348, 1, 2022/03/03, 11:06:05.343, 13916750659846, vstest.console.dll, AssemblyResolver.OnResolve: Microsoft.VisualStudio.TestPlatform.Fakes: Resolving assembly.
TpTrace Information: 0 : 14348, 1, 2022/03/03, 11:06:05.343, 13916750661314, vstest.console.dll, AssemblyResolver.OnResolve: Microsoft.VisualStudio.TestPlatform.Fakes: Searching in: 'C:\Program Files\dotnet\sdk\5.0.405\Extensions'.
TpTrace Information: 0 : 14348, 1, 2022/03/03, 11:06:05.343, 13916750662810, vstest.console.dll, AssemblyResolver.OnResolve: Microsoft.VisualStudio.TestPlatform.Fakes: Assembly path does not exist: 'C:\Program Files\dotnet\sdk\5.0.405\Extensions\Microsoft.VisualStudio.TestPlatform.Fakes.dll', returning.
TpTrace Information: 0 : 14348, 1, 2022/03/03, 11:06:05.344, 13916750663671, vstest.console.dll, AssemblyResolver.OnResolve: Microsoft.VisualStudio.TestPlatform.Fakes: Assembly path does not exist: 'C:\Program Files\dotnet\sdk\5.0.405\Extensions\Microsoft.VisualStudio.TestPlatform.Fakes.exe', returning.
TpTrace Information: 0 : 14348, 1, 2022/03/03, 11:06:05.344, 13916750664222, vstest.console.dll, AssemblyResolver.OnResolve: Microsoft.VisualStudio.TestPlatform.Fakes: Searching in: 'C:\Program Files\dotnet\sdk\5.0.405'.
TpTrace Information: 0 : 14348, 1, 2022/03/03, 11:06:05.344, 13916750665142, vstest.console.dll, AssemblyResolver.OnResolve: Microsoft.VisualStudio.TestPlatform.Fakes: Assembly path does not exist: 'C:\Program Files\dotnet\sdk\5.0.405\Microsoft.VisualStudio.TestPlatform.Fakes.dll', returning.
TpTrace Information: 0 : 14348, 1, 2022/03/03, 11:06:05.344, 13916750666039, vstest.console.dll, AssemblyResolver.OnResolve: Microsoft.VisualStudio.TestPlatform.Fakes: Assembly path does not exist: 'C:\Program Files\dotnet\sdk\5.0.405\Microsoft.VisualStudio.TestPlatform.Fakes.exe', returning.
TpTrace Information: 0 : 14348, 1, 2022/03/03, 11:06:05.344, 13916750666492, vstest.console.dll, AssemblyResolver.OnResolve: Microsoft.VisualStudio.TestPlatform.Fakes: Failed to load assembly.
TpTrace Information: 0 : 14348, 1, 2022/03/03, 11:06:05.345, 13916750673123, vstest.console.dll, Failed to create newly implemented Fakes Configurator. Reason:System.IO.FileNotFoundException: Could not load file or assembly 'Microsoft.VisualStudio.TestPlatform.Fakes, Version=16.0.0.0, Culture=neutral, PublicKeyToken=null'. Не удается найти указанный файл.
File name: 'Microsoft.VisualStudio.TestPlatform.Fakes, Version=16.0.0.0, Culture=neutral, PublicKeyToken=null'
   at System.Reflection.RuntimeAssembly.InternalLoad(ObjectHandleOnStack assemblyName, ObjectHandleOnStack requestingAssembly, StackCrawlMarkHandle stackMark, Boolean throwOnFileNotFound, ObjectHandleOnStack assemblyLoadContext, ObjectHandleOnStack retAssembly)
   at System.Reflection.RuntimeAssembly.InternalLoad(AssemblyName assemblyName, RuntimeAssembly requestingAssembly, StackCrawlMark& stackMark, Boolean throwOnFileNotFound, AssemblyLoadContext assemblyLoadContext)
   at System.Reflection.Assembly.Load(AssemblyName assemblyRef)
   at Microsoft.VisualStudio.TestPlatform.Common.Utilities.FakesUtilities.TryGetFakesCrossPlatformDataCollectorConfigurator() 
TpTrace Verbose: 0 : 14348, 1, 2022/03/03, 11:06:05.351, 13916750741655, vstest.console.dll, TestPluginCache.DiscoverTestExtensions: finding test extensions in assemblies ends with: TestLogger.dll TPluginInfo: Microsoft.VisualStudio.TestPlatform.Common.ExtensionFramework.Utilities.TestLoggerPluginInformation TExtension: Microsoft.VisualStudio.TestPlatform.ObjectModel.Client.ITestLogger
TpTrace Verbose: 0 : 14348, 1, 2022/03/03, 11:06:05.352, 13916750743770, vstest.console.dll, TestPluginCache.GetExtensionPaths: Filtered extension paths: 
TpTrace Verbose: 0 : 14348, 1, 2022/03/03, 11:06:05.352, 13916750744337, vstest.console.dll, TestPluginCache.GetExtensionPaths: Added default extension paths: C:\Program Files\dotnet\sdk\5.0.405\Extensions\Microsoft.Diagnostics.NETCore.Client.dll
C:\Program Files\dotnet\sdk\5.0.405\Extensions\Microsoft.TestPlatform.Extensions.BlameDataCollector.dll
C:\Program Files\dotnet\sdk\5.0.405\Extensions\Microsoft.TestPlatform.Extensions.EventLogCollector.dll
C:\Program Files\dotnet\sdk\5.0.405\Extensions\Microsoft.TestPlatform.TestHostRuntimeProvider.dll
C:\Program Files\dotnet\sdk\5.0.405\Extensions\Microsoft.VisualStudio.TestPlatform.Extensions.Html.TestLogger.dll
C:\Program Files\dotnet\sdk\5.0.405\Extensions\Microsoft.VisualStudio.TestPlatform.Extensions.Trx.TestLogger.dll
TpTrace Verbose: 0 : 14348, 1, 2022/03/03, 11:06:05.352, 13916750744857, vstest.console.dll, TestPluginCache.GetExtensionPaths: Added unfilterableExtensionPaths: 
TpTrace Information: 0 : 14348, 1, 2022/03/03, 11:06:05.352, 13916750747476, vstest.console.dll, AssemblyResolver.AddSearchDirectories: Adding more searchDirectories C:\Program Files\dotnet\sdk\5.0.405\Extensions,C:\Program Files\dotnet\sdk\5.0.405
TpTrace Verbose: 0 : 14348, 1, 2022/03/03, 11:06:05.352, 13916750748217, vstest.console.dll, TestPluginCache.DiscoverTestExtensions: Discovering the extensions using extension path.
TpTrace Verbose: 0 : 14348, 1, 2022/03/03, 11:06:05.352, 13916750748770, vstest.console.dll, TestPluginCache.GetExtensionPaths: Filtered extension paths: 
TpTrace Verbose: 0 : 14348, 1, 2022/03/03, 11:06:05.352, 13916750749314, vstest.console.dll, TestPluginCache.GetExtensionPaths: Added default extension paths: C:\Program Files\dotnet\sdk\5.0.405\Extensions\Microsoft.Diagnostics.NETCore.Client.dll
C:\Program Files\dotnet\sdk\5.0.405\Extensions\Microsoft.TestPlatform.Extensions.BlameDataCollector.dll
C:\Program Files\dotnet\sdk\5.0.405\Extensions\Microsoft.TestPlatform.Extensions.EventLogCollector.dll
C:\Program Files\dotnet\sdk\5.0.405\Extensions\Microsoft.TestPlatform.TestHostRuntimeProvider.dll
C:\Program Files\dotnet\sdk\5.0.405\Extensions\Microsoft.VisualStudio.TestPlatform.Extensions.Html.TestLogger.dll
C:\Program Files\dotnet\sdk\5.0.405\Extensions\Microsoft.VisualStudio.TestPlatform.Extensions.Trx.TestLogger.dll
TpTrace Verbose: 0 : 14348, 1, 2022/03/03, 11:06:05.352, 13916750749719, vstest.console.dll, TestPluginCache.GetExtensionPaths: Added unfilterableExtensionPaths: 
TpTrace Verbose: 0 : 14348, 1, 2022/03/03, 11:06:05.352, 13916750750203, vstest.console.dll, TestPluginCache.DiscoverTestExtensions: Discovering the extensions using allExtensionPaths: C:\Program Files\dotnet\sdk\5.0.405\Extensions\Microsoft.Diagnostics.NETCore.Client.dll
C:\Program Files\dotnet\sdk\5.0.405\Extensions\Microsoft.TestPlatform.Extensions.BlameDataCollector.dll
C:\Program Files\dotnet\sdk\5.0.405\Extensions\Microsoft.TestPlatform.Extensions.EventLogCollector.dll
C:\Program Files\dotnet\sdk\5.0.405\Extensions\Microsoft.TestPlatform.TestHostRuntimeProvider.dll
C:\Program Files\dotnet\sdk\5.0.405\Extensions\Microsoft.VisualStudio.TestPlatform.Extensions.Html.TestLogger.dll
C:\Program Files\dotnet\sdk\5.0.405\Extensions\Microsoft.VisualStudio.TestPlatform.Extensions.Trx.TestLogger.dll
TpTrace Information: 0 : 14348, 1, 2022/03/03, 11:06:05.352, 13916750750877, vstest.console.dll, AssemblyResolver.AddSearchDirectories: Adding more searchDirectories C:\Program Files\dotnet\sdk\5.0.405\Extensions,C:\Program Files\dotnet\sdk\5.0.405
TpTrace Information: 0 : 14348, 1, 2022/03/03, 11:06:05.352, 13916750751415, vstest.console.dll, AssemblyResolver.AddSearchDirectories: Adding more searchDirectories C:\Program Files\dotnet\sdk\5.0.405\Extensions,C:\Program Files\dotnet\sdk\5.0.405
TpTrace Information: 0 : 14348, 1, 2022/03/03, 11:06:05.352, 13916750751825, vstest.console.dll, AssemblyResolver.AddSearchDirectories: Adding more searchDirectories C:\Program Files\dotnet\sdk\5.0.405\Extensions,C:\Program Files\dotnet\sdk\5.0.405
TpTrace Information: 0 : 14348, 1, 2022/03/03, 11:06:05.352, 13916750752222, vstest.console.dll, AssemblyResolver.AddSearchDirectories: Adding more searchDirectories C:\Program Files\dotnet\sdk\5.0.405\Extensions,C:\Program Files\dotnet\sdk\5.0.405
TpTrace Information: 0 : 14348, 1, 2022/03/03, 11:06:05.352, 13916750752709, vstest.console.dll, AssemblyResolver.AddSearchDirectories: Adding more searchDirectories C:\Program Files\dotnet\sdk\5.0.405\Extensions,C:\Program Files\dotnet\sdk\5.0.405
TpTrace Information: 0 : 14348, 1, 2022/03/03, 11:06:05.353, 13916750753111, vstest.console.dll, AssemblyResolver.AddSearchDirectories: Adding more searchDirectories C:\Program Files\dotnet\sdk\5.0.405\Extensions,C:\Program Files\dotnet\sdk\5.0.405
TpTrace Information: 0 : 14348, 1, 2022/03/03, 11:06:05.353, 13916750758035, vstest.console.dll, AssemblyResolver.OnResolve: Microsoft.Bcl.AsyncInterfaces: Resolving assembly.
TpTrace Information: 0 : 14348, 1, 2022/03/03, 11:06:05.353, 13916750758810, vstest.console.dll, AssemblyResolver.OnResolve: Microsoft.Bcl.AsyncInterfaces: Resolved from cache.
TpTrace Verbose: 0 : 14348, 1, 2022/03/03, 11:06:05.353, 13916750759269, vstest.console.dll, CurrentDomainAssemblyResolve: Resolving assembly 'Microsoft.Bcl.AsyncInterfaces'.
TpTrace Information: 0 : 14348, 1, 2022/03/03, 11:06:05.353, 13916750760152, vstest.console.dll, AssemblyResolver.OnResolve: Microsoft.Bcl.AsyncInterfaces: Resolving assembly.
TpTrace Information: 0 : 14348, 1, 2022/03/03, 11:06:05.353, 13916750760697, vstest.console.dll, AssemblyResolver.OnResolve: Microsoft.Bcl.AsyncInterfaces: Resolved from cache.
TpTrace Verbose: 0 : 14348, 1, 2022/03/03, 11:06:05.353, 13916750761131, vstest.console.dll, CurrentDomainAssemblyResolve: Resolving assembly 'Microsoft.Bcl.AsyncInterfaces'.
TpTrace Verbose: 0 : 14348, 1, 2022/03/03, 11:06:05.353, 13916750761505, vstest.console.dll, CurrentDomainAssemblyResolve: Failed to resolve assembly 'Microsoft.Bcl.AsyncInterfaces'.
TpTrace Verbose: 0 : 14348, 1, 2022/03/03, 11:06:05.354, 13916750764192, vstest.console.dll, CurrentDomainAssemblyResolve: Failed to resolve assembly 'Microsoft.Bcl.AsyncInterfaces'.
TpTrace Warning: 0 : 14348, 1, 2022/03/03, 11:06:05.354, 13916750768651, vstest.console.dll, TestPluginDiscoverer: Failed to get types from assembly 'Microsoft.Diagnostics.NETCore.Client, Version=0.2.2.41902, Culture=neutral, PublicKeyToken=31bf3856ad364e35'.  Skipping test extension scan for this assembly.  Error: System.Reflection.ReflectionTypeLoadException: Unable to load one or more of the requested types.
Could not load file or assembly 'Microsoft.Bcl.AsyncInterfaces, Version=1.0.0.0, Culture=neutral, PublicKeyToken=cc7b13ffcd2ddd51'. Не удается найти указанный файл.
   at System.Reflection.RuntimeModule.GetTypes(RuntimeModule module)
   at System.Reflection.RuntimeModule.GetTypes()
   at System.Reflection.Assembly.GetTypes()
   at Microsoft.VisualStudio.TestPlatform.Common.ExtensionFramework.TestPluginDiscoverer.GetTestExtensionsFromAssembly[TPluginInfo,TExtension](Assembly assembly, Dictionary`2 pluginInfos)
System.IO.FileNotFoundException: Could not load file or assembly 'Microsoft.Bcl.AsyncInterfaces, Version=1.0.0.0, Culture=neutral, PublicKeyToken=cc7b13ffcd2ddd51'. Не удается найти указанный файл.
File name: 'Microsoft.Bcl.AsyncInterfaces, Version=1.0.0.0, Culture=neutral, PublicKeyToken=cc7b13ffcd2ddd51'
TpTrace Warning: 0 : 14348, 1, 2022/03/03, 11:06:05.354, 13916750769400, vstest.console.dll, LoaderExceptions: System.IO.FileNotFoundException: Could not load file or assembly 'Microsoft.Bcl.AsyncInterfaces, Version=1.0.0.0, Culture=neutral, PublicKeyToken=cc7b13ffcd2ddd51'. Не удается найти указанный файл.
File name: 'Microsoft.Bcl.AsyncInterfaces, Version=1.0.0.0, Culture=neutral, PublicKeyToken=cc7b13ffcd2ddd51'
TpTrace Verbose: 0 : 14348, 1, 2022/03/03, 11:06:05.355, 13916750775665, vstest.console.dll, TestPluginCache: Discovered the extensions using extension path ''.
TpTrace Verbose: 0 : 14348, 1, 2022/03/03, 11:06:05.355, 13916750776692, vstest.console.dll, TestPluginCache: Discoverers are ''.
TpTrace Verbose: 0 : 14348, 1, 2022/03/03, 11:06:05.355, 13916750777079, vstest.console.dll, TestPluginCache: Executors are ''.
TpTrace Verbose: 0 : 14348, 1, 2022/03/03, 11:06:05.355, 13916750777421, vstest.console.dll, TestPluginCache: Executors2 are ''.
TpTrace Verbose: 0 : 14348, 1, 2022/03/03, 11:06:05.355, 13916750777862, vstest.console.dll, TestPluginCache: Setting providers are ''.
TpTrace Verbose: 0 : 14348, 1, 2022/03/03, 11:06:05.355, 13916750779217, vstest.console.dll, TestPluginCache: Loggers are 'logger://Microsoft/TestPlatform/Extensions/Blame/v1,logger://Microsoft/TestPlatform/HtmlLogger/v1,logger://Microsoft/TestPlatform/TrxLogger/v1'.
TpTrace Information: 0 : 14348, 1, 2022/03/03, 11:06:05.356, 13916750791584, vstest.console.dll, TestPluginManager.CreateTestExtension: Attempting to load test extension: Microsoft.TestPlatform.Extensions.BlameDataCollector.BlameLogger
TpTrace Information: 0 : 14348, 1, 2022/03/03, 11:06:05.371, 13916750936140, vstest.console.dll, TestPluginManager.CreateTestExtension: Attempting to load test extension: Microsoft.VisualStudio.TestPlatform.CrossPlatEngine.Hosting.DefaultTestHostManager
TpTrace Information: 0 : 14348, 1, 2022/03/03, 11:06:05.372, 13916750943660, vstest.console.dll, TestPluginManager.CreateTestExtension: Attempting to load test extension: Microsoft.VisualStudio.TestPlatform.CrossPlatEngine.Hosting.DotnetTestHostManager
TpTrace Verbose: 0 : 14348, 1, 2022/03/03, 11:06:05.373, 13916750953121, vstest.console.dll, TestEngine: Initializing Parallel Execution as MaxCpuCount is set to: 1
TpTrace Information: 0 : 14348, 1, 2022/03/03, 11:06:05.373, 13916750961572, vstest.console.dll, InferRunSettingsHelper.IsTestSettingsEnabled: Unable to navigate to RunSettings/MSTest. Current node: RunSettings
TpTrace Verbose: 0 : 14348, 1, 2022/03/03, 11:06:05.405, 13916751282650, vstest.console.dll, TestRequestSender is acting as server
TpTrace Verbose: 0 : 14348, 4, 2022/03/03, 11:06:05.412, 13916751345696, vstest.console.dll, DataCollectionRequestSender.InitializeCommunication : Initialize communication. 
TpTrace Information: 0 : 14348, 4, 2022/03/03, 11:06:05.438, 13916751605916, vstest.console.dll, Listening on Endpoint : 127.0.0.1:63392
TpTrace Verbose: 0 : 14348, 4, 2022/03/03, 11:06:05.467, 13916751902333, vstest.console.dll, DotnetDataCollectionLauncher: Full path of dotnet.exe is C:\Program Files\dotnet\dotnet.exe
TpTrace Verbose: 0 : 14348, 4, 2022/03/03, 11:06:05.468, 13916751906502, vstest.console.dll, DotnetDataCollectionLauncher: Adding  --runtimeconfig "C:\Program Files\dotnet\sdk\5.0.405\datacollector.runtimeconfig.json" in args
TpTrace Verbose: 0 : 14348, 4, 2022/03/03, 11:06:05.468, 13916751908200, vstest.console.dll, DotnetDataCollectionLauncher: Adding  --depsfile "C:\Program Files\dotnet\sdk\5.0.405\datacollector.deps.json" in args
TpTrace Information: 0 : 14348, 4, 2022/03/03, 11:06:05.492, 13916752144992, vstest.console.dll, ProxyDataCollectionManager.Initialize: Launched datacollector processId: 12896 port: 63392
TpTrace Information: 0 : 14348, 4, 2022/03/03, 11:06:05.492, 13916752148664, vstest.console.dll, ProxyDataCollectionManager.Initialize: waiting for connection with timeout: 90 seconds
TpTrace Verbose: 0 : 14348, 4, 2022/03/03, 11:06:05.492, 13916752150031, vstest.console.dll, DataCollectionRequestSender.WaitForRequestHandlerConnection : Waiting for connection with timeout: 90000
TpTrace Information: 0 : 14348, 7, 2022/03/03, 11:06:05.813, 13916755360325, vstest.console.dll, Using the buffer size of 16384 bytes
TpTrace Verbose: 0 : 14348, 4, 2022/03/03, 11:06:05.813, 13916755361469, vstest.console.dll, ProxyDataCollectionManager.InvokeDataCollectionServiceAction: Starting.
TpTrace Information: 0 : 14348, 7, 2022/03/03, 11:06:05.814, 13916755363115, vstest.console.dll, Accepted Client request and set the flag
TpTrace Information: 0 : 14348, 4, 2022/03/03, 11:06:05.814, 13916755365808, vstest.console.dll, ProxyDataCollectionManager.BeforeTestRunStart: Get environment variable and port for datacollector processId: 12896 port: 63392
TpTrace Verbose: 0 : 14348, 4, 2022/03/03, 11:06:05.814, 13916755368970, vstest.console.dll, DataCollectionRequestSender.SendBeforeTestRunStartAndGetResult : Send BeforeTestRunStart message with settingsXml <RunSettings><RunConfiguration><ResultsDirectory>C:\Users\User\source\repos\labsFrom12_OOP\lab12.UnitTests\bin\Debug\netcoreapp3.1\fine-code-coverage\coverage-tool-output</ResultsDirectory><TargetPlatform>X64</TargetPlatform><TargetFrameworkVersion>.NETCoreApp,Version=v3.1</TargetFrameworkVersion><DesignMode>False</DesignMode><CollectSourceInformation>False</CollectSourceInformation><TestAdaptersPaths>C:\Program Files\dotnet\sdk\5.0.405\Extensions</TestAdaptersPaths></RunConfiguration><LoggerRunSettings><Loggers><Logger friendlyName="blame" enabled="True" /><Logger friendlyName="Console" uri="logger://microsoft/TestPlatform/ConsoleLogger/v1" assemblyQualifiedName="Microsoft.VisualStudio.TestPlatform.CommandLine.Internal.ConsoleLogger, vstest.console, Version=15.0.0.0, Culture=neutral, PublicKeyToken=b03f5f7f11d50a3a" codeBase="C:\Program Files\dotnet\sdk\5.0.405\vstest.console.dll" enabled="True" /></Loggers></LoggerRunSettings><DataCollectionRunSettings><DataCollectors><DataCollector friendlyName="blame" enabled="True"><Configuration><ResultsDirectory>C:\Users\User\source\repos\labsFrom12_OOP\lab12.UnitTests\bin\Debug\netcoreapp3.1\fine-code-coverage\coverage-tool-output</ResultsDirectory></Configuration></DataCollector></DataCollectors></DataCollectionRunSettings></RunSettings> and sources System.Linq.Enumerable+Concat2Iterator`1[System.String]: 
TpTrace Verbose: 0 : 14348, 4, 2022/03/03, 11:06:05.993, 13916757155237, vstest.console.dll, DataCollectionRequestSender.SendBeforeTestRunStartAndGetResult : Received message: (DataCollection.SendMessage) -> {
  "FriendlyName": null,
  "Uri": null,
  "TestCaseId": "00000000-0000-0000-0000-000000000000",
  "Message": "Logging DataCollector Diagnostics in file: C:\\Users\\User\\source\\repos\\labsFrom12_OOP\\lab12.UnitTests\\bin\\Debug\\netcoreapp3.1\\fine-code-coverage\\coverage-tool-output\\diagnostics.datacollector.22-03-03_11-06-05_45651_4.log",
  "Level": 0
}
TpTrace Information: 0 : 14348, 4, 2022/03/03, 11:06:06.005, 13916757276495, vstest.console.dll, AssemblyResolver.OnResolve: Microsoft.VisualStudio.TestPlatform.Common.resources: Resolving assembly.
TpTrace Information: 0 : 14348, 4, 2022/03/03, 11:06:06.005, 13916757278667, vstest.console.dll, AssemblyResolver.OnResolve: Microsoft.VisualStudio.TestPlatform.Common.resources: Searching in: 'C:\Program Files\dotnet\sdk\5.0.405\Extensions'.
TpTrace Information: 0 : 14348, 4, 2022/03/03, 11:06:06.005, 13916757279962, vstest.console.dll, AssemblyResolver.OnResolve: Microsoft.VisualStudio.TestPlatform.Common.resources: Assembly path does not exist: 'C:\Program Files\dotnet\sdk\5.0.405\Extensions\Microsoft.VisualStudio.TestPlatform.Common.resources.dll', returning.
TpTrace Information: 0 : 14348, 4, 2022/03/03, 11:06:06.005, 13916757280988, vstest.console.dll, AssemblyResolver.OnResolve: Microsoft.VisualStudio.TestPlatform.Common.resources: Assembly path does not exist: 'C:\Program Files\dotnet\sdk\5.0.405\Extensions\Microsoft.VisualStudio.TestPlatform.Common.resources.exe', returning.
TpTrace Information: 0 : 14348, 4, 2022/03/03, 11:06:06.005, 13916757281523, vstest.console.dll, AssemblyResolver.OnResolve: Microsoft.VisualStudio.TestPlatform.Common.resources: Searching in: 'C:\Program Files\dotnet\sdk\5.0.405'.
TpTrace Information: 0 : 14348, 4, 2022/03/03, 11:06:06.005, 13916757282542, vstest.console.dll, AssemblyResolver.OnResolve: Microsoft.VisualStudio.TestPlatform.Common.resources: Assembly path does not exist: 'C:\Program Files\dotnet\sdk\5.0.405\Microsoft.VisualStudio.TestPlatform.Common.resources.dll', returning.
TpTrace Information: 0 : 14348, 4, 2022/03/03, 11:06:06.006, 13916757283455, vstest.console.dll, AssemblyResolver.OnResolve: Microsoft.VisualStudio.TestPlatform.Common.resources: Assembly path does not exist: 'C:\Program Files\dotnet\sdk\5.0.405\Microsoft.VisualStudio.TestPlatform.Common.resources.exe', returning.
TpTrace Information: 0 : 14348, 4, 2022/03/03, 11:06:06.006, 13916757284004, vstest.console.dll, AssemblyResolver.OnResolve: Microsoft.VisualStudio.TestPlatform.Common.resources: Failed to load assembly.
TpTrace Verbose: 0 : 14348, 4, 2022/03/03, 11:06:06.130, 13916758524498, vstest.console.dll, DataCollectionRequestSender.SendBeforeTestRunStartAndGetResult : Received message: (DataCollection.BeforeTestRunStartResult) -> {
  "EnvironmentVariables": {},
  "DataCollectionEventsPort": 63394
}
TpTrace Information: 0 : 14348, 4, 2022/03/03, 11:06:06.137, 13916758600888, vstest.console.dll, ProxyDataCollectionManager.BeforeTestRunStart: SendBeforeTestRunStartAndGetResult successful, env variable from datacollector:   and testhost port: 63394
TpTrace Information: 0 : 14348, 4, 2022/03/03, 11:06:06.138, 13916758603703, vstest.console.dll, ProxyDataCollectionManager.InvokeDataCollectionServiceAction: Completed.
TpTrace Verbose: 0 : 14348, 1, 2022/03/03, 11:06:06.138, 13916758606896, vstest.console.dll, TestRunRequest.ExecuteAsync: Creating test run request.
TpTrace Verbose: 0 : 14348, 1, 2022/03/03, 11:06:06.138, 13916758612461, vstest.console.dll, TestRunRequest.ExecuteAsync: Starting.
TpTrace Information: 0 : 14348, 1, 2022/03/03, 11:06:06.139, 13916758617651, vstest.console.dll, TestRunRequest.ExecuteAsync: Starting run with settings:TestRunCriteria:
   KeepAlive=False,FrequencyOfRunStatsChangeEvent=10,RunStatsChangeEventTimeout=00:00:01.5000000,TestCaseFilter=,TestExecutorLauncher=
   Settingsxml=<RunSettings>
  <RunConfiguration>
    <ResultsDirectory>C:\Users\User\source\repos\labsFrom12_OOP\lab12.UnitTests\bin\Debug\netcoreapp3.1\fine-code-coverage\coverage-tool-output</ResultsDirectory>
    <TargetPlatform>X64</TargetPlatform>
    <TargetFrameworkVersion>.NETCoreApp,Version=v3.1</TargetFrameworkVersion>
    <DesignMode>False</DesignMode>
    <CollectSourceInformation>False</CollectSourceInformation>
  </RunConfiguration>
  <LoggerRunSettings>
    <Loggers>
      <Logger friendlyName="blame" enabled="True" />
      <Logger friendlyName="Console" uri="logger://microsoft/TestPlatform/ConsoleLogger/v1" assemblyQualifiedName="Microsoft.VisualStudio.TestPlatform.CommandLine.Internal.ConsoleLogger, vstest.console, Version=15.0.0.0, Culture=neutral, PublicKeyToken=b03f5f7f11d50a3a" codeBase="C:\Program Files\dotnet\sdk\5.0.405\vstest.console.dll" enabled="True" />
    </Loggers>
  </LoggerRunSettings>
  <DataCollectionRunSettings>
    <DataCollectors>
      <DataCollector friendlyName="blame" enabled="True">
        <Configuration>
          <ResultsDirectory>C:\Users\User\source\repos\labsFrom12_OOP\lab12.UnitTests\bin\Debug\netcoreapp3.1\fine-code-coverage\coverage-tool-output</ResultsDirectory>
        </Configuration>
      </DataCollector>
    </DataCollectors>
  </DataCollectionRunSettings>
</RunSettings>

TpTrace Verbose: 0 : 14348, 1, 2022/03/03, 11:06:06.139, 13916758618538, vstest.console.dll, TestRunRequest.ExecuteAsync: Wait for the first run request is over.
TpTrace Verbose: 0 : 14348, 1, 2022/03/03, 11:06:06.140, 13916758628150, vstest.console.dll, ParallelProxyExecutionManager: Start execution. Total sources: 1
TpTrace Information: 0 : 14348, 1, 2022/03/03, 11:06:06.141, 13916758642487, vstest.console.dll, ProxyParallelExecutionManager: Triggering test run for next source: C:\Users\User\source\repos\labsFrom12_OOP\lab12.UnitTests\bin\Debug\netcoreapp3.1\fine-code-coverage\build-output\lab12.UnitTests.dll
TpTrace Verbose: 0 : 14348, 6, 2022/03/03, 11:06:06.142, 13916758647080, vstest.console.dll, ParallelProxyExecutionManager: Execution started. Started clients: 1
TpTrace Verbose: 0 : 14348, 1, 2022/03/03, 11:06:06.142, 13916758648587, vstest.console.dll, ProxyParallelExecutionManager: No sources available for execution.
TpTrace Information: 0 : 14348, 1, 2022/03/03, 11:06:06.142, 13916758649512, vstest.console.dll, TestRunRequest.ExecuteAsync: Started.
TpTrace Verbose: 0 : 14348, 1, 2022/03/03, 11:06:06.142, 13916758650662, vstest.console.dll, TestRunRequest.WaitForCompletion: Waiting with timeout -1.
TpTrace Verbose: 0 : 14348, 6, 2022/03/03, 11:06:06.143, 13916758653241, vstest.console.dll, TestRunRequest:SendTestRunMessage: Starting.
TpTrace Information: 0 : 14348, 6, 2022/03/03, 11:06:06.143, 13916758656218, vstest.console.dll, TestRunRequest:SendTestRunMessage: Completed.
TpTrace Verbose: 0 : 14348, 6, 2022/03/03, 11:06:06.143, 13916758660486, vstest.console.dll, ProxyExecutionManager: Test host is always Lazy initialize.
TpTrace Verbose: 0 : 14348, 6, 2022/03/03, 11:06:06.144, 13916758666343, vstest.console.dll, TestRequestSender.InitializeCommunication: initialize communication. 
TpTrace Information: 0 : 14348, 6, 2022/03/03, 11:06:06.145, 13916758677257, vstest.console.dll, SocketServer.Start: Listening on endpoint : 127.0.0.1:63395
TpTrace Verbose: 0 : 14348, 6, 2022/03/03, 11:06:06.147, 13916758693722, vstest.console.dll, DotnetTestHostmanager: Adding  --runtimeconfig "C:\Users\User\source\repos\labsFrom12_OOP\lab12.UnitTests\bin\Debug\netcoreapp3.1\fine-code-coverage\build-output\lab12.UnitTests.runtimeconfig.json" in args
TpTrace Verbose: 0 : 14348, 6, 2022/03/03, 11:06:06.147, 13916758696363, vstest.console.dll, DotnetTestHostmanager: Adding  --depsfile "C:\Users\User\source\repos\labsFrom12_OOP\lab12.UnitTests\bin\Debug\netcoreapp3.1\fine-code-coverage\build-output\lab12.UnitTests.deps.json" in args
TpTrace Information: 0 : 14348, 6, 2022/03/03, 11:06:06.147, 13916758701687, vstest.console.dll, AssemblyResolver.OnResolve: Microsoft.Extensions.DependencyModel: Resolving assembly.
TpTrace Information: 0 : 14348, 6, 2022/03/03, 11:06:06.148, 13916758702959, vstest.console.dll, AssemblyResolver.OnResolve: Microsoft.Extensions.DependencyModel: Searching in: 'C:\Program Files\dotnet\sdk\5.0.405\Extensions'.
TpTrace Information: 0 : 14348, 6, 2022/03/03, 11:06:06.148, 13916758704050, vstest.console.dll, AssemblyResolver.OnResolve: Microsoft.Extensions.DependencyModel: Assembly path does not exist: 'C:\Program Files\dotnet\sdk\5.0.405\Extensions\Microsoft.Extensions.DependencyModel.dll', returning.
TpTrace Information: 0 : 14348, 6, 2022/03/03, 11:06:06.148, 13916758705010, vstest.console.dll, AssemblyResolver.OnResolve: Microsoft.Extensions.DependencyModel: Assembly path does not exist: 'C:\Program Files\dotnet\sdk\5.0.405\Extensions\Microsoft.Extensions.DependencyModel.exe', returning.
TpTrace Information: 0 : 14348, 6, 2022/03/03, 11:06:06.148, 13916758705508, vstest.console.dll, AssemblyResolver.OnResolve: Microsoft.Extensions.DependencyModel: Searching in: 'C:\Program Files\dotnet\sdk\5.0.405'.
TpTrace Information: 0 : 14348, 6, 2022/03/03, 11:06:06.149, 13916758716204, vstest.console.dll, AssemblyResolver.OnResolve: Microsoft.Extensions.DependencyModel: Loading assembly 'C:\Program Files\dotnet\sdk\5.0.405\Microsoft.Extensions.DependencyModel.dll'.
TpTrace Information: 0 : 14348, 6, 2022/03/03, 11:06:06.150, 13916758727041, vstest.console.dll, AssemblyResolver.OnResolve: Resolved assembly: Microsoft.Extensions.DependencyModel, from path: C:\Program Files\dotnet\sdk\5.0.405\Microsoft.Extensions.DependencyModel.dll
TpTrace Verbose: 0 : 14348, 6, 2022/03/03, 11:06:06.151, 13916758733492, vstest.console.dll, DotnetTestHostmanager: Reading file C:\Users\User\source\repos\labsFrom12_OOP\lab12.UnitTests\bin\Debug\netcoreapp3.1\fine-code-coverage\build-output\lab12.UnitTests.deps.json to get path of testhost.dll
TpTrace Verbose: 0 : 14348, 6, 2022/03/03, 11:06:06.201, 13916759236135, vstest.console.dll, DotnetTestHostmanager: Relative path of testhost.dll with respect to package folder is microsoft.testplatform.testhost/16.5.0\lib/netcoreapp2.1/testhost.dll
TpTrace Verbose: 0 : 14348, 6, 2022/03/03, 11:06:06.202, 13916759250474, vstest.console.dll, DotnetTestHostmanager: Looking for path microsoft.testplatform.testhost/16.5.0\lib/netcoreapp2.1/testhost.dll in folder C:\Users\User\.dotnet\store\|arch|\|tfm|
TpTrace Verbose: 0 : 14348, 6, 2022/03/03, 11:06:06.203, 13916759253324, vstest.console.dll, DotnetTestHostmanager: Looking for path microsoft.testplatform.testhost/16.5.0\lib/netcoreapp2.1/testhost.dll in folder C:\Users\User\.nuget\packages
TpTrace Verbose: 0 : 14348, 6, 2022/03/03, 11:06:06.203, 13916759257185, vstest.console.dll, DotnetTestHostManager: Testhost.exe/testhost.x86.exe found at path: C:\Users\User\.nuget\packages\microsoft.testplatform.testhost\16.5.0\build\netcoreapp2.1\x64\testhost.exe
TpTrace Verbose: 0 : 14348, 6, 2022/03/03, 11:06:06.203, 13916759257952, vstest.console.dll, DotnetTestHostmanager: Full path of host exe is C:\Users\User\.nuget\packages\microsoft.testplatform.testhost\16.5.0\build\netcoreapp2.1\x64\testhost.exe
TpTrace Verbose: 0 : 14348, 4, 2022/03/03, 11:06:06.205, 13916759278574, vstest.console.dll, DotnetTestHostManager: Starting process 'C:\Users\User\.nuget\packages\microsoft.testplatform.testhost\16.5.0\build\netcoreapp2.1\x64\testhost.exe' with command line ' --runtimeconfig "C:\Users\User\source\repos\labsFrom12_OOP\lab12.UnitTests\bin\Debug\netcoreapp3.1\fine-code-coverage\build-output\lab12.UnitTests.runtimeconfig.json" --depsfile "C:\Users\User\source\repos\labsFrom12_OOP\lab12.UnitTests\bin\Debug\netcoreapp3.1\fine-code-coverage\build-output\lab12.UnitTests.deps.json" --port 63395 --endpoint 127.0.0.1:063395 --role client --parentprocessid 14348 --diag "C:\Users\User\source\repos\labsFrom12_OOP\lab12.UnitTests\bin\Debug\netcoreapp3.1\fine-code-coverage\coverage-tool-output\diagnostics.host.22-03-03_11-06-06_14619_6.log" --tracelevel 4 --datacollectionport 63394 --telemetryoptedin false'
TpTrace Verbose: 0 : 14348, 4, 2022/03/03, 11:06:06.215, 13916759378709, vstest.console.dll, Test Runtime launched
TpTrace Verbose: 0 : 14348, 6, 2022/03/03, 11:06:06.217, 13916759394935, vstest.console.dll, TestRequestSender.WaitForRequestHandlerConnection: waiting for connection with timeout: 90000
TpTrace Verbose: 0 : 14348, 13, 2022/03/03, 11:06:06.560, 13916762832322, vstest.console.dll, SocketServer.OnClientConnected: Client connected for endPoint: 127.0.0.1:63395, starting MessageLoopAsync:
TpTrace Verbose: 0 : 14348, 14, 2022/03/03, 11:06:06.561, 13916762839682, vstest.console.dll, TcpClientExtensions.MessageLoopAsync: Polling on remoteEndPoint: 127.0.0.1:63396 localEndPoint: 127.0.0.1:63395
TpTrace Verbose: 0 : 14348, 14, 2022/03/03, 11:06:06.867, 13916765901532, vstest.console.dll, TcpClientExtensions.MessageLoopAsync: NotifyDataAvailable remoteEndPoint: 127.0.0.1:63396 localEndPoint: 127.0.0.1:63395
TpTrace Verbose: 0 : 14348, 14, 2022/03/03, 11:06:06.868, 13916765908049, vstest.console.dll, TestRequestSender.CheckVersionWithTestHost: onMessageReceived received message: (ProtocolVersion) -> 2
TpTrace Verbose: 0 : 14348, 14, 2022/03/03, 11:06:06.869, 13916765919717, vstest.console.dll, TcpClientExtensions.MessageLoopAsync: Polling on remoteEndPoint: 127.0.0.1:63396 localEndPoint: 127.0.0.1:63395
TpTrace Verbose: 0 : 14348, 6, 2022/03/03, 11:06:06.869, 13916765922599, vstest.console.dll, TestPluginCache.GetExtensionPaths: Filtered extension paths: 
TpTrace Verbose: 0 : 14348, 6, 2022/03/03, 11:06:06.870, 13916765923578, vstest.console.dll, TestPluginCache.GetExtensionPaths: Added default extension paths: C:\Program Files\dotnet\sdk\5.0.405\Extensions\Microsoft.Diagnostics.NETCore.Client.dll
C:\Program Files\dotnet\sdk\5.0.405\Extensions\Microsoft.TestPlatform.Extensions.BlameDataCollector.dll
C:\Program Files\dotnet\sdk\5.0.405\Extensions\Microsoft.TestPlatform.Extensions.EventLogCollector.dll
C:\Program Files\dotnet\sdk\5.0.405\Extensions\Microsoft.TestPlatform.TestHostRuntimeProvider.dll
C:\Program Files\dotnet\sdk\5.0.405\Extensions\Microsoft.VisualStudio.TestPlatform.Extensions.Html.TestLogger.dll
C:\Program Files\dotnet\sdk\5.0.405\Extensions\Microsoft.VisualStudio.TestPlatform.Extensions.Trx.TestLogger.dll
TpTrace Verbose: 0 : 14348, 6, 2022/03/03, 11:06:06.870, 13916765924137, vstest.console.dll, TestPluginCache.GetExtensionPaths: Added unfilterableExtensionPaths: 
TpTrace Verbose: 0 : 14348, 6, 2022/03/03, 11:06:06.877, 13916765997151, vstest.console.dll, TestRequestSender.InitializeExecution: Sending initializing execution with message: {"Version":2,"MessageType":"TestExecution.Initialize","Payload":["C:\\Users\\User\\source\\repos\\labsFrom12_OOP\\lab12.UnitTests\\bin\\Debug\\netcoreapp3.1\\fine-code-coverage\\build-output\\Microsoft.VisualStudio.TestPlatform.MSTest.TestAdapter.dll"]}
TpTrace Verbose: 0 : 14348, 6, 2022/03/03, 11:06:06.897, 13916766200012, vstest.console.dll, TestRequestSender.StartTestRun: Sending test run with message: {"Version":2,"MessageType":"TestExecution.StartWithSources","Payload":{"AdapterSourceMap":{"_none_":["C:\\Users\\User\\source\\repos\\labsFrom12_OOP\\lab12.UnitTests\\bin\\Debug\\netcoreapp3.1\\fine-code-coverage\\build-output\\lab12.UnitTests.dll"]},"RunSettings":"<RunSettings>\r\n  <RunConfiguration>\r\n    <ResultsDirectory>C:\\Users\\User\\source\\repos\\labsFrom12_OOP\\lab12.UnitTests\\bin\\Debug\\netcoreapp3.1\\fine-code-coverage\\coverage-tool-output</ResultsDirectory>\r\n    <TargetPlatform>X64</TargetPlatform>\r\n    <TargetFrameworkVersion>.NETCoreApp,Version=v3.1</TargetFrameworkVersion>\r\n    <DesignMode>False</DesignMode>\r\n    <CollectSourceInformation>False</CollectSourceInformation>\r\n  </RunConfiguration>\r\n  <LoggerRunSettings>\r\n    <Loggers>\r\n      <Logger friendlyName=\"blame\" enabled=\"True\" />\r\n      <Logger friendlyName=\"Console\" uri=\"logger://microsoft/TestPlatform/ConsoleLogger/v1\" assemblyQualifiedName=\"Microsoft.VisualStudio.TestPlatform.CommandLine.Internal.ConsoleLogger, vstest.console, Version=15.0.0.0, Culture=neutral, PublicKeyToken=b03f5f7f11d50a3a\" codeBase=\"C:\\Program Files\\dotnet\\sdk\\5.0.405\\vstest.console.dll\" enabled=\"True\" />\r\n    </Loggers>\r\n  </LoggerRunSettings>\r\n  <DataCollectionRunSettings>\r\n    <DataCollectors>\r\n      <DataCollector friendlyName=\"blame\" enabled=\"True\">\r\n        <Configuration>\r\n          <ResultsDirectory>C:\\Users\\User\\source\\repos\\labsFrom12_OOP\\lab12.UnitTests\\bin\\Debug\\netcoreapp3.1\\fine-code-coverage\\coverage-tool-output</ResultsDirectory>\r\n        </Configuration>\r\n      </DataCollector>\r\n    </DataCollectors>\r\n  </DataCollectionRunSettings>\r\n</RunSettings>","TestExecutionContext":{"FrequencyOfRunStatsChangeEvent":10,"RunStatsChangeEventTimeout":"00:00:01.5000000","InIsolation":false,"KeepAlive":false,"AreTestCaseLevelEventsRequired":false,"IsDebug":false,"TestCaseFilter":null,"FilterOptions":null},"Package":null}}
TpTrace Verbose: 0 : 14348, 14, 2022/03/03, 11:06:06.900, 13916766230273, vstest.console.dll, TcpClientExtensions.MessageLoopAsync: NotifyDataAvailable remoteEndPoint: 127.0.0.1:63396 localEndPoint: 127.0.0.1:63395
TpTrace Verbose: 0 : 14348, 14, 2022/03/03, 11:06:06.901, 13916766233872, vstest.console.dll, TestRequestSender.OnExecutionMessageReceived: Received message: {"Version":2,"MessageType":"TestSession.Message","Payload":{"MessageLevel":0,"Message":"Ведение журналов диагностики TestHost в файле: C:\\Users\\User\\source\\repos\\labsFrom12_OOP\\lab12.UnitTests\\bin\\Debug\\netcoreapp3.1\\fine-code-coverage\\coverage-tool-output\\diagnostics.host.22-03-03_11-06-06_14619_6.log"}}
TpTrace Verbose: 0 : 14348, 14, 2022/03/03, 11:06:06.905, 13916766276260, vstest.console.dll, TestRunRequest:SendTestRunMessage: Starting.
TpTrace Information: 0 : 14348, 14, 2022/03/03, 11:06:06.905, 13916766279513, vstest.console.dll, TestRunRequest:SendTestRunMessage: Completed.
TpTrace Verbose: 0 : 14348, 14, 2022/03/03, 11:06:06.905, 13916766280605, vstest.console.dll, TcpClientExtensions.MessageLoopAsync: Polling on remoteEndPoint: 127.0.0.1:63396 localEndPoint: 127.0.0.1:63395
TpTrace Verbose: 0 : 14348, 14, 2022/03/03, 11:06:07.685, 13916774078301, vstest.console.dll, TcpClientExtensions.MessageLoopAsync: NotifyDataAvailable remoteEndPoint: 127.0.0.1:63396 localEndPoint: 127.0.0.1:63395
TpTrace Verbose: 0 : 14348, 14, 2022/03/03, 11:06:07.686, 13916774087712, vstest.console.dll, TestRequestSender.OnExecutionMessageReceived: Received message: {"Version":2,"MessageType":"TestExecution.StatsChange","Payload":{"NewTestResults":[{"TestCase":{"Id":"2322b174-50ec-80db-3ad1-d3889ca97e77","FullyQualifiedName":"lab12.UnitTests.ListBasedQueueTests.GetEnumerator_ReturnHeadData_Anton","DisplayName":"GetEnumerator_ReturnHeadData_Anton","ExecutorUri":"executor://MSTestAdapter/v2","Source":"C:\\Users\\User\\source\\repos\\labsFrom12_OOP\\lab12.UnitTests\\bin\\Debug\\netcoreapp3.1\\fine-code-coverage\\build-output\\lab12.UnitTests.dll","CodeFilePath":null,"LineNumber":-1,"Properties":[{"Key":{"Id":"MSTestDiscoverer.TestClassName","Label":"ClassName","Category":"","Description":"","Attributes":1,"ValueType":"System.String"},"Value":"lab12.UnitTests.ListBasedQueueTests"},{"Key":{"Id":"TestObject.Traits","Label":"Traits","Category":"","Description":"","Attributes":5,"ValueType":"System.Collections.Generic.KeyValuePair`2[[System.String],[System.String]][]"},"Value":[]}]},"Attachments":[],"Outcome":1,"ErrorMessage":null,"ErrorStackTrace":null,"DisplayName":null,"Messages":[],"ComputerName":null,"Duration":"00:00:00.0198374","StartTime":"2022-03-03T11:06:07.3965255+05:00","EndTime":"2022-03-03T11:06:07.490619+05:00","Properties":[{"Key":{"Id":"ExecutionId","Label":"ExecutionId","Category":"","Description":"","Attributes":1,"ValueType":"System.Guid"},"Value":"00000000-0000-0000-0000-000000000000"},{"Key":{"Id":"ParentExecId","Label":"ParentExecId","Category":"","Description":"","Attributes":1,"ValueType":"System.Guid"},"Value":"00000000-0000-0000-0000-000000000000"},{"Key":{"Id":"InnerResultsCount","Label":"InnerResultsCount","Category":"","Description":"","Attributes":1,"ValueType":"System.Int32"},"Value":0}]},{"TestCase":{"Id":"3c69469e-30bb-3e57-2198-fde01cbae890","FullyQualifiedName":"lab12.UnitTests.ListBasedQueueTests.CopyConstr_ReturnDifferentHeadRefs","DisplayName":"CopyConstr_ReturnDifferentHeadRefs","ExecutorUri":"executor://MSTestAdapter/v2","Source":"C:\\Users\\User\\source\\repos\\labsFrom12_OOP\\lab12.UnitTests\\bin\\Debug\\netcoreapp3.1\\fine-code-coverage\\build-output\\lab12.UnitTests.dll","CodeFilePath":null,"LineNumber":-1,"Properties":[{"Key":{"Id":"MSTestDiscoverer.TestClassName","Label":"ClassName","Category":"","Description":"","Attributes":1,"ValueType":"System.String"},"Value":"lab12.UnitTests.ListBasedQueueTests"},{"Key":{"Id":"TestObject.Traits","Label":"Traits","Category":"","Description":"","Attributes":5,"ValueType":"System.Collections.Generic.KeyValuePair`2[[System.String],[System.String]][]"},"Value":[]}]},"Attachments":[],"Outcome":1,"ErrorMessage":null,"ErrorStackTrace":null,"DisplayName":null,"Messages":[],"ComputerName":null,"Duration":"00:00:00.0023294","StartTime":"2022-03-03T11:06:07.5545271+05:00","EndTime":"2022-03-03T11:06:07.5573723+05:00","Properties":[{"Key":{"Id":"ExecutionId","Label":"ExecutionId","Category":"","Description":"","Attributes":1,"ValueType":"System.Guid"},"Value":"00000000-0000-0000-0000-000000000000"},{"Key":{"Id":"ParentExecId","Label":"ParentExecId","Category":"","Description":"","Attributes":1,"ValueType":"System.Guid"},"Value":"00000000-0000-0000-0000-000000000000"},{"Key":{"Id":"InnerResultsCount","Label":"InnerResultsCount","Category":"","Description":"","Attributes":1,"ValueType":"System.Int32"},"Value":0}]},{"TestCase":{"Id":"9498ea5c-6b03-fb02-ae9a-417dde935252","FullyQualifiedName":"lab12.UnitTests.ListBasedQueueTests.MemberwiseCopy_ReturnSameHeadRefs","DisplayName":"MemberwiseCopy_ReturnSameHeadRefs","ExecutorUri":"executor://MSTestAdapter/v2","Source":"C:\\Users\\User\\source\\repos\\labsFrom12_OOP\\lab12.UnitTests\\bin\\Debug\\netcoreapp3.1\\fine-code-coverage\\build-output\\lab12.UnitTests.dll","CodeFilePath":null,"LineNumber":-1,"Properties":[{"Key":{"Id":"MSTestDiscoverer.TestClassName","Label":"ClassName","Category":"","Description":"","Attributes":1,"ValueType":"System.String"},"Value":"lab12.UnitTests.ListBasedQueueTests"},{"Key":{"Id":"TestObject.Traits","Label":"Traits","Category":"","Description":"","Attributes":5,"ValueType":"System.Collections.Generic.KeyValuePair`2[[System.String],[System.String]][]"},"Value":[]}]},"Attachments":[],"Outcome":1,"ErrorMessage":null,"ErrorStackTrace":null,"DisplayName":null,"Messages":[],"ComputerName":null,"Duration":"00:00:00.0006811","StartTime":"2022-03-03T11:06:07.5637595+05:00","EndTime":"2022-03-03T11:06:07.564788+05:00","Properties":[{"Key":{"Id":"ExecutionId","Label":"ExecutionId","Category":"","Description":"","Attributes":1,"ValueType":"System.Guid"},"Value":"00000000-0000-0000-0000-000000000000"},{"Key":{"Id":"ParentExecId","Label":"ParentExecId","Category":"","Description":"","Attributes":1,"ValueType":"System.Guid"},"Value":"00000000-0000-0000-0000-000000000000"},{"Key":{"Id":"InnerResultsCount","Label":"InnerResultsCount","Category":"","Description":"","Attributes":1,"ValueType":"System.Int32"},"Value":0}]},{"TestCase":{"Id":"8961aed6-ab5c-8933-cb86-716c5318b883","FullyQualifiedName":"lab12.UnitTests.ListBasedQueueTests.Clone_ReturnEqualElemsAndDifferentRefsTrue","DisplayName":"Clone_ReturnEqualElemsAndDifferentRefsTrue","ExecutorUri":"executor://MSTestAdapter/v2","Source":"C:\\Users\\User\\source\\repos\\labsFrom12_OOP\\lab12.UnitTests\\bin\\Debug\\netcoreapp3.1\\fine-code-coverage\\build-output\\lab12.UnitTests.dll","CodeFilePath":null,"LineNumber":-1,"Properties":[{"Key":{"Id":"MSTestDiscoverer.TestClassName","Label":"ClassName","Category":"","Description":"","Attributes":1,"ValueType":"System.String"},"Value":"lab12.UnitTests.ListBasedQueueTests"},{"Key":{"Id":"TestObject.Traits","Label":"Traits","Category":"","Description":"","Attributes":5,"ValueType":"System.Collections.Generic.KeyValuePair`2[[System.String],[System.String]][]"},"Value":[]}]},"Attachments":[],"Outcome":1,"ErrorMessage":null,"ErrorStackTrace":null,"DisplayName":null,"Messages":[],"ComputerName":null,"Duration":"00:00:00.0016224","StartTime":"2022-03-03T11:06:07.5727446+05:00","EndTime":"2022-03-03T11:06:07.5747399+05:00","Properties":[{"Key":{"Id":"ExecutionId","Label":"ExecutionId","Category":"","Description":"","Attributes":1,"ValueType":"System.Guid"},"Value":"00000000-0000-0000-0000-000000000000"},{"Key":{"Id":"ParentExecId","Label":"ParentExecId","Category":"","Description":"","Attributes":1,"ValueType":"System.Guid"},"Value":"00000000-0000-0000-0000-000000000000"},{"Key":{"Id":"InnerResultsCount","Label":"InnerResultsCount","Category":"","Description":"","Attributes":1,"ValueType":"System.Int32"},"Value":0}]},{"TestCase":{"Id":"912de76a-8195-9b28-0eec-bdd2a7f3ac48","FullyQualifiedName":"lab12.UnitTests.ListBasedQueueTests.DeleteQueue_ReturnNull","DisplayName":"DeleteQueue_ReturnNull","ExecutorUri":"executor://MSTestAdapter/v2","Source":"C:\\Users\\User\\source\\repos\\labsFrom12_OOP\\lab12.UnitTests\\bin\\Debug\\netcoreapp3.1\\fine-code-coverage\\build-output\\lab12.UnitTests.dll","CodeFilePath":null,"LineNumber":-1,"Properties":[{"Key":{"Id":"MSTestDiscoverer.TestClassName","Label":"ClassName","Category":"","Description":"","Attributes":1,"ValueType":"System.String"},"Value":"lab12.UnitTests.ListBasedQueueTests"},{"Key":{"Id":"TestObject.Traits","Label":"Traits","Category":"","Description":"","Attributes":5,"ValueType":"System.Collections.Generic.KeyValuePair`2[[System.String],[System.String]][]"},"Value":[]}]},"Attachments":[],"Outcome":1,"ErrorMessage":null,"ErrorStackTrace":null,"DisplayName":null,"Messages":[{"Category":"StdOutMsgs","Text":"ListBasedQueue удалена!\r\n"}],"ComputerName":null,"Duration":"00:00:00.0013425","StartTime":"2022-03-03T11:06:07.5809687+05:00","EndTime":"2022-03-03T11:06:07.5826937+05:00","Properties":[{"Key":{"Id":"ExecutionId","Label":"ExecutionId","Category":"","Description":"","Attributes":1,"ValueType":"System.Guid"},"Value":"00000000-0000-0000-0000-000000000000"},{"Key":{"Id":"ParentExecId","Label":"ParentExecId","Category":"","Description":"","Attributes":1,"ValueType":"System.Guid"},"Value":"00000000-0000-0000-0000-000000000000"},{"Key":{"Id":"InnerResultsCount","Label":"InnerResultsCount","Category":"","Description":"","Attributes":1,"ValueType":"System.Int32"},"Value":0}]},{"TestCase":{"Id":"8576a43a-3d53-1e76-f162-a551dbf6a83a","FullyQualifiedName":"lab12.UnitTests.ListBasedQueueTests.Contains_ReturnContainsAntonTrue","DisplayName":"Contains_ReturnContainsAntonTrue","ExecutorUri":"executor://MSTestAdapter/v2","Source":"C:\\Users\\User\\source\\repos\\labsFrom12_OOP\\lab12.UnitTests\\bin\\Debug\\netcoreapp3.1\\fine-code-coverage\\build-output\\lab12.UnitTests.dll","CodeFilePath":null,"LineNumber":-1,"Properties":[{"Key":{"Id":"MSTestDiscoverer.TestClassName","Label":"ClassName","Category":"","Description":"","Attributes":1,"ValueType":"System.String"},"Value":"lab12.UnitTests.ListBasedQueueTests"},{"Key":{"Id":"TestObject.Traits","Label":"Traits","Category":"","Description":"","Attributes":5,"ValueType":"System.Collections.Generic.KeyValuePair`2[[System.String],[System.String]][]"},"Value":[]}]},"Attachments":[],"Outcome":1,"ErrorMessage":null,"ErrorStackTrace":null,"DisplayName":null,"Messages":[],"ComputerName":null,"Duration":"00:00:00.0012164","StartTime":"2022-03-03T11:06:07.5897177+05:00","EndTime":"2022-03-03T11:06:07.5912757+05:00","Properties":[{"Key":{"Id":"ExecutionId","Label":"ExecutionId","Category":"","Description":"","Attributes":1,"ValueType":"System.Guid"},"Value":"00000000-0000-0000-0000-000000000000"},{"Key":{"Id":"ParentExecId","Label":"ParentExecId","Category":"","Description":"","Attributes":1,"ValueType":"System.Guid"},"Value":"00000000-0000-0000-0000-000000000000"},{"Key":{"Id":"InnerResultsCount","Label":"InnerResultsCount","Category":"","Description":"","Attributes":1,"ValueType":"System.Int32"},"Value":0}]},{"TestCase":{"Id":"94d3fb3d-1419-993b-e77e-e6413e213dcb","FullyQualifiedName":"lab12.UnitTests.ListBasedQueueTests.Push_ReturnOneElemAntonTrue","DisplayName":"Push_ReturnOneElemAntonTrue","ExecutorUri":"executor://MSTestAdapter/v2","Source":"C:\\Users\\User\\source\\repos\\labsFrom12_OOP\\lab12.UnitTests\\bin\\Debug\\netcoreapp3.1\\fine-code-coverage\\build-output\\lab12.UnitTests.dll","CodeFilePath":null,"LineNumber":-1,"Properties":[{"Key":{"Id":"MSTestDiscoverer.TestClassName","Label":"ClassName","Category":"","Description":"","Attributes":1,"ValueType":"System.String"},"Value":"lab12.UnitTests.ListBasedQueueTests"},{"Key":{"Id":"TestObject.Traits","Label":"Traits","Category":"","Description":"","Attributes":5,"ValueType":"System.Collections.Generic.KeyValuePair`2[[System.String],[System.String]][]"},"Value":[]}]},"Attachments":[],"Outcome":1,"ErrorMessage":null,"ErrorStackTrace":null,"DisplayName":null,"Messages":[],"ComputerName":null,"Duration":"00:00:00.0007127","StartTime":"2022-03-03T11:06:07.5974743+05:00","EndTime":"2022-03-03T11:06:07.598527+05:00","Properties":[{"Key":{"Id":"ExecutionId","Label":"ExecutionId","Category":"","Description":"","Attributes":1,"ValueType":"System.Guid"},"Value":"00000000-0000-0000-0000-000000000000"},{"Key":{"Id":"ParentExecId","Label":"ParentExecId","Category":"","Description":"","Attributes":1,"ValueType":"System.Guid"},"Value":"00000000-0000-0000-0000-000000000000"},{"Key":{"Id":"InnerResultsCount","Label":"InnerResultsCount","Category":"","Description":"","Attributes":1,"ValueType":"System.Int32"},"Value":0}]},{"TestCase":{"Id":"4542e817-d752-5984-6cfe-c5edba2034de","FullyQualifiedName":"lab12.UnitTests.ListBasedQueueTests.PushtoNonEmptyQueue_ReturnTwoElemAntonTrue","DisplayName":"PushtoNonEmptyQueue_ReturnTwoElemAntonTrue","ExecutorUri":"executor://MSTestAdapter/v2","Source":"C:\\Users\\User\\source\\repos\\labsFrom12_OOP\\lab12.UnitTests\\bin\\Debug\\netcoreapp3.1\\fine-code-coverage\\build-output\\lab12.UnitTests.dll","CodeFilePath":null,"LineNumber":-1,"Properties":[{"Key":{"Id":"MSTestDiscoverer.TestClassName","Label":"ClassName","Category":"","Description":"","Attributes":1,"ValueType":"System.String"},"Value":"lab12.UnitTests.ListBasedQueueTests"},{"Key":{"Id":"TestObject.Traits","Label":"Traits","Category":"","Description":"","Attributes":5,"ValueType":"System.Collections.Generic.KeyValuePair`2[[System.String],[System.String]][]"},"Value":[]}]},"Attachments":[],"Outcome":1,"ErrorMessage":null,"ErrorStackTrace":null,"DisplayName":null,"Messages":[],"ComputerName":null,"Duration":"00:00:00.0008288","StartTime":"2022-03-03T11:06:07.6053021+05:00","EndTime":"2022-03-03T11:06:07.6064885+05:00","Properties":[{"Key":{"Id":"ExecutionId","Label":"ExecutionId","Category":"","Description":"","Attributes":1,"ValueType":"System.Guid"},"Value":"00000000-0000-0000-0000-000000000000"},{"Key":{"Id":"ParentExecId","Label":"ParentExecId","Category":"","Description":"","Attributes":1,"ValueType":"System.Guid"},"Value":"00000000-0000-0000-0000-000000000000"},{"Key":{"Id":"InnerResultsCount","Label":"InnerResultsCount","Category":"","Description":"","Attributes":1,"ValueType":"System.Int32"},"Value":0}]},{"TestCase":{"Id":"7a492fe1-93d0-daa8-e90a-790af6d9fb32","FullyQualifiedName":"lab12.UnitTests.ListBasedQueueTests.PushSome_ReturnTwoElemsAntonAndIgorTrue","DisplayName":"PushSome_ReturnTwoElemsAntonAndIgorTrue","ExecutorUri":"executor://MSTestAdapter/v2","Source":"C:\\Users\\User\\source\\repos\\labsFrom12_OOP\\lab12.UnitTests\\bin\\Debug\\netcoreapp3.1\\fine-code-coverage\\build-output\\lab12.UnitTests.dll","CodeFilePath":null,"LineNumber":-1,"Properties":[{"Key":{"Id":"MSTestDiscoverer.TestClassName","Label":"ClassName","Category":"","Description":"","Attributes":1,"ValueType":"System.String"},"Value":"lab12.UnitTests.ListBasedQueueTests"},{"Key":{"Id":"TestObject.Traits","Label":"Traits","Category":"","Description":"","Attributes":5,"ValueType":"System.Collections.Generic.KeyValuePair`2[[System.String],[System.String]][]"},"Value":[]}]},"Attachments":[],"Outcome":1,"ErrorMessage":null,"ErrorStackTrace":null,"DisplayName":null,"Messages":[],"ComputerName":null,"Duration":"00:00:00.0015546","StartTime":"2022-03-03T11:06:07.6128362+05:00","EndTime":"2022-03-03T11:06:07.6147536+05:00","Properties":[{"Key":{"Id":"ExecutionId","Label":"ExecutionId","Category":"","Description":"","Attributes":1,"ValueType":"System.Guid"},"Value":"00000000-0000-0000-0000-000000000000"},{"Key":{"Id":"ParentExecId","Label":"ParentExecId","Category":"","Description":"","Attributes":1,"ValueType":"System.Guid"},"Value":"00000000-0000-0000-0000-000000000000"},{"Key":{"Id":"InnerResultsCount","Label":"InnerResultsCount","Category":"","Description":"","Attributes":1,"ValueType":"System.Int32"},"Value":0}]}],"TestRunStatistics":{"ExecutedTests":9,"Stats":{"Passed":9}},"ActiveTests":[{"Id":"10de694d-23a3-7858-0dad-f364a18526d6","FullyQualifiedName":"lab12.UnitTests.ListBasedQueueTests.PushSomeNonEmptyQueueHeadAndNextAlready_ReturnTwoElemsAntonAndIgorTrue","DisplayName":"PushSomeNonEmptyQueueHeadAndNextAlready_ReturnTwoElemsAntonAndIgorTrue","ExecutorUri":"executor://MSTestAdapter/v2","Source":"C:\\Users\\User\\source\\repos\\labsFrom12_OOP\\lab12.UnitTests\\bin\\Debug\\netcoreapp3.1\\fine-code-coverage\\build-output\\lab12.UnitTests.dll","CodeFilePath":null,"LineNumber":-1,"Properties":[{"Key":{"Id":"MSTestDiscoverer.TestClassName","Label":"ClassName","Category":"","Description":"","Attributes":1,"ValueType":"System.String"},"Value":"lab12.UnitTests.ListBasedQueueTests"},{"Key":{"Id":"TestObject.Traits","Label":"Traits","Category":"","Description":"","Attributes":5,"ValueType":"System.Collections.Generic.KeyValuePair`2[[System.String],[System.String]][]"},"Value":[]}]}]}}
TpTrace Verbose: 0 : 14348, 14, 2022/03/03, 11:06:07.819, 13916775416251, vstest.console.dll, TestRunRequest:SendTestRunStatsChange: Starting.
TpTrace Verbose: 0 : 14348, 14, 2022/03/03, 11:06:07.819, 13916775419247, vstest.console.dll, InProgress is PushSomeNonEmptyQueueHeadAndNextAlready_ReturnTwoElemsAntonAndIgorTrue
TpTrace Information: 0 : 14348, 14, 2022/03/03, 11:06:07.820, 13916775423428, vstest.console.dll, TestRunRequest:SendTestRunStatsChange: Completed.
TpTrace Verbose: 0 : 14348, 14, 2022/03/03, 11:06:07.820, 13916775424058, vstest.console.dll, TcpClientExtensions.MessageLoopAsync: Polling on remoteEndPoint: 127.0.0.1:63396 localEndPoint: 127.0.0.1:63395
TpTrace Verbose: 0 : 14348, 14, 2022/03/03, 11:06:07.820, 13916775424872, vstest.console.dll, TcpClientExtensions.MessageLoopAsync: NotifyDataAvailable remoteEndPoint: 127.0.0.1:63396 localEndPoint: 127.0.0.1:63395
TpTrace Verbose: 0 : 14348, 14, 2022/03/03, 11:06:07.820, 13916775428466, vstest.console.dll, TestRequestSender.OnExecutionMessageReceived: Received message: {"Version":2,"MessageType":"TestExecution.StatsChange","Payload":{"NewTestResults":[{"TestCase":{"Id":"10de694d-23a3-7858-0dad-f364a18526d6","FullyQualifiedName":"lab12.UnitTests.ListBasedQueueTests.PushSomeNonEmptyQueueHeadAndNextAlready_ReturnTwoElemsAntonAndIgorTrue","DisplayName":"PushSomeNonEmptyQueueHeadAndNextAlready_ReturnTwoElemsAntonAndIgorTrue","ExecutorUri":"executor://MSTestAdapter/v2","Source":"C:\\Users\\User\\source\\repos\\labsFrom12_OOP\\lab12.UnitTests\\bin\\Debug\\netcoreapp3.1\\fine-code-coverage\\build-output\\lab12.UnitTests.dll","CodeFilePath":null,"LineNumber":-1,"Properties":[{"Key":{"Id":"MSTestDiscoverer.TestClassName","Label":"ClassName","Category":"","Description":"","Attributes":1,"ValueType":"System.String"},"Value":"lab12.UnitTests.ListBasedQueueTests"},{"Key":{"Id":"TestObject.Traits","Label":"Traits","Category":"","Description":"","Attributes":5,"ValueType":"System.Collections.Generic.KeyValuePair`2[[System.String],[System.String]][]"},"Value":[]}]},"Attachments":[],"Outcome":1,"ErrorMessage":null,"ErrorStackTrace":null,"DisplayName":null,"Messages":[],"ComputerName":null,"Duration":"00:00:00.0006767","StartTime":"2022-03-03T11:06:07.6886176+05:00","EndTime":"2022-03-03T11:06:07.6896632+05:00","Properties":[{"Key":{"Id":"ExecutionId","Label":"ExecutionId","Category":"","Description":"","Attributes":1,"ValueType":"System.Guid"},"Value":"00000000-0000-0000-0000-000000000000"},{"Key":{"Id":"ParentExecId","Label":"ParentExecId","Category":"","Description":"","Attributes":1,"ValueType":"System.Guid"},"Value":"00000000-0000-0000-0000-000000000000"},{"Key":{"Id":"InnerResultsCount","Label":"InnerResultsCount","Category":"","Description":"","Attributes":1,"ValueType":"System.Int32"},"Value":0}]},{"TestCase":{"Id":"14ebac0a-0719-e13c-e5a9-15560b453c10","FullyQualifiedName":"lab12.UnitTests.ListBasedQueueTests.PushSomeNonEmptyQueue_ReturnTwoElemsAntonAndIgorTrue","DisplayName":"PushSomeNonEmptyQueue_ReturnTwoElemsAntonAndIgorTrue","ExecutorUri":"executor://MSTestAdapter/v2","Source":"C:\\Users\\User\\source\\repos\\labsFrom12_OOP\\lab12.UnitTests\\bin\\Debug\\netcoreapp3.1\\fine-code-coverage\\build-output\\lab12.UnitTests.dll","CodeFilePath":null,"LineNumber":-1,"Properties":[{"Key":{"Id":"MSTestDiscoverer.TestClassName","Label":"ClassName","Category":"","Description":"","Attributes":1,"ValueType":"System.String"},"Value":"lab12.UnitTests.ListBasedQueueTests"},{"Key":{"Id":"TestObject.Traits","Label":"Traits","Category":"","Description":"","Attributes":5,"ValueType":"System.Collections.Generic.KeyValuePair`2[[System.String],[System.String]][]"},"Value":[]}]},"Attachments":[],"Outcome":1,"ErrorMessage":null,"ErrorStackTrace":null,"DisplayName":null,"Messages":[],"ComputerName":null,"Duration":"00:00:00.0006270","StartTime":"2022-03-03T11:06:07.6964179+05:00","EndTime":"2022-03-03T11:06:07.6973547+05:00","Properties":[{"Key":{"Id":"ExecutionId","Label":"ExecutionId","Category":"","Description":"","Attributes":1,"ValueType":"System.Guid"},"Value":"00000000-0000-0000-0000-000000000000"},{"Key":{"Id":"ParentExecId","Label":"ParentExecId","Category":"","Description":"","Attributes":1,"ValueType":"System.Guid"},"Value":"00000000-0000-0000-0000-000000000000"},{"Key":{"Id":"InnerResultsCount","Label":"InnerResultsCount","Category":"","Description":"","Attributes":1,"ValueType":"System.Int32"},"Value":0}]},{"TestCase":{"Id":"61577607-1792-3d27-fe28-f8a2faaa5b83","FullyQualifiedName":"lab12.UnitTests.ListBasedQueueTests.Pop_ReturnZeroElemAndHeadNullTrue","DisplayName":"Pop_ReturnZeroElemAndHeadNullTrue","ExecutorUri":"executor://MSTestAdapter/v2","Source":"C:\\Users\\User\\source\\repos\\labsFrom12_OOP\\lab12.UnitTests\\bin\\Debug\\netcoreapp3.1\\fine-code-coverage\\build-output\\lab12.UnitTests.dll","CodeFilePath":null,"LineNumber":-1,"Properties":[{"Key":{"Id":"MSTestDiscoverer.TestClassName","Label":"ClassName","Category":"","Description":"","Attributes":1,"ValueType":"System.String"},"Value":"lab12.UnitTests.ListBasedQueueTests"},{"Key":{"Id":"TestObject.Traits","Label":"Traits","Category":"","Description":"","Attributes":5,"ValueType":"System.Collections.Generic.KeyValuePair`2[[System.String],[System.String]][]"},"Value":[]}]},"Attachments":[],"Outcome":1,"ErrorMessage":null,"ErrorStackTrace":null,"DisplayName":null,"Messages":[],"ComputerName":null,"Duration":"00:00:00.0006395","StartTime":"2022-03-03T11:06:07.7046458+05:00","EndTime":"2022-03-03T11:06:07.7055895+05:00","Properties":[{"Key":{"Id":"ExecutionId","Label":"ExecutionId","Category":"","Description":"","Attributes":1,"ValueType":"System.Guid"},"Value":"00000000-0000-0000-0000-000000000000"},{"Key":{"Id":"ParentExecId","Label":"ParentExecId","Category":"","Description":"","Attributes":1,"ValueType":"System.Guid"},"Value":"00000000-0000-0000-0000-000000000000"},{"Key":{"Id":"InnerResultsCount","Label":"InnerResultsCount","Category":"","Description":"","Attributes":1,"ValueType":"System.Int32"},"Value":0}]},{"TestCase":{"Id":"e5831deb-e13a-c772-33b0-08519c7f8942","FullyQualifiedName":"lab12.UnitTests.ListBasedQueueTests.PopSome_ReturnZeroElemAndHeadNullTrue","DisplayName":"PopSome_ReturnZeroElemAndHeadNullTrue","ExecutorUri":"executor://MSTestAdapter/v2","Source":"C:\\Users\\User\\source\\repos\\labsFrom12_OOP\\lab12.UnitTests\\bin\\Debug\\netcoreapp3.1\\fine-code-coverage\\build-output\\lab12.UnitTests.dll","CodeFilePath":null,"LineNumber":-1,"Properties":[{"Key":{"Id":"MSTestDiscoverer.TestClassName","Label":"ClassName","Category":"","Description":"","Attributes":1,"ValueType":"System.String"},"Value":"lab12.UnitTests.ListBasedQueueTests"},{"Key":{"Id":"TestObject.Traits","Label":"Traits","Category":"","Description":"","Attributes":5,"ValueType":"System.Collections.Generic.KeyValuePair`2[[System.String],[System.String]][]"},"Value":[]}]},"Attachments":[],"Outcome":1,"ErrorMessage":null,"ErrorStackTrace":null,"DisplayName":null,"Messages":[],"ComputerName":null,"Duration":"00:00:00.0007357","StartTime":"2022-03-03T11:06:07.7118922+05:00","EndTime":"2022-03-03T11:06:07.7129685+05:00","Properties":[{"Key":{"Id":"ExecutionId","Label":"ExecutionId","Category":"","Description":"","Attributes":1,"ValueType":"System.Guid"},"Value":"00000000-0000-0000-0000-000000000000"},{"Key":{"Id":"ParentExecId","Label":"ParentExecId","Category":"","Description":"","Attributes":1,"ValueType":"System.Guid"},"Value":"00000000-0000-0000-0000-000000000000"},{"Key":{"Id":"InnerResultsCount","Label":"InnerResultsCount","Category":"","Description":"","Attributes":1,"ValueType":"System.Int32"},"Value":0}]},{"TestCase":{"Id":"257bcc48-3b20-e1a5-aba0-a5af1e86472b","FullyQualifiedName":"lab12.UnitTests.NodeTests.ConstrTwoParams_ReturnDataCurrAntonAndDataNextJackTrue","DisplayName":"ConstrTwoParams_ReturnDataCurrAntonAndDataNextJackTrue","ExecutorUri":"executor://MSTestAdapter/v2","Source":"C:\\Users\\User\\source\\repos\\labsFrom12_OOP\\lab12.UnitTests\\bin\\Debug\\netcoreapp3.1\\fine-code-coverage\\build-output\\lab12.UnitTests.dll","CodeFilePath":null,"LineNumber":-1,"Properties":[{"Key":{"Id":"MSTestDiscoverer.TestClassName","Label":"ClassName","Category":"","Description":"","Attributes":1,"ValueType":"System.String"},"Value":"lab12.UnitTests.NodeTests"},{"Key":{"Id":"TestObject.Traits","Label":"Traits","Category":"","Description":"","Attributes":5,"ValueType":"System.Collections.Generic.KeyValuePair`2[[System.String],[System.String]][]"},"Value":[]}]},"Attachments":[],"Outcome":1,"ErrorMessage":null,"ErrorStackTrace":null,"DisplayName":null,"Messages":[],"ComputerName":null,"Duration":"00:00:00.0006359","StartTime":"2022-03-03T11:06:07.7198123+05:00","EndTime":"2022-03-03T11:06:07.7209771+05:00","Properties":[{"Key":{"Id":"ExecutionId","Label":"ExecutionId","Category":"","Description":"","Attributes":1,"ValueType":"System.Guid"},"Value":"00000000-0000-0000-0000-000000000000"},{"Key":{"Id":"ParentExecId","Label":"ParentExecId","Category":"","Description":"","Attributes":1,"ValueType":"System.Guid"},"Value":"00000000-0000-0000-0000-000000000000"},{"Key":{"Id":"InnerResultsCount","Label":"InnerResultsCount","Category":"","Description":"","Attributes":1,"ValueType":"System.Int32"},"Value":0}]},{"TestCase":{"Id":"cdb97d69-0537-0625-1778-5acb2fd7aa3c","FullyQualifiedName":"lab12.UnitTests.NodeTests.ConstrOneParam_ReturnCurrDataAntonNextRefNull","DisplayName":"ConstrOneParam_ReturnCurrDataAntonNextRefNull","ExecutorUri":"executor://MSTestAdapter/v2","Source":"C:\\Users\\User\\source\\repos\\labsFrom12_OOP\\lab12.UnitTests\\bin\\Debug\\netcoreapp3.1\\fine-code-coverage\\build-output\\lab12.UnitTests.dll","CodeFilePath":null,"LineNumber":-1,"Properties":[{"Key":{"Id":"MSTestDiscoverer.TestClassName","Label":"ClassName","Category":"","Description":"","Attributes":1,"ValueType":"System.String"},"Value":"lab12.UnitTests.NodeTests"},{"Key":{"Id":"TestObject.Traits","Label":"Traits","Category":"","Description":"","Attributes":5,"ValueType":"System.Collections.Generic.KeyValuePair`2[[System.String],[System.String]][]"},"Value":[]}]},"Attachments":[],"Outcome":1,"ErrorMessage":null,"ErrorStackTrace":null,"DisplayName":null,"Messages":[],"ComputerName":null,"Duration":"00:00:00.0004361","StartTime":"2022-03-03T11:06:07.7277848+05:00","EndTime":"2022-03-03T11:06:07.7285654+05:00","Properties":[{"Key":{"Id":"ExecutionId","Label":"ExecutionId","Category":"","Description":"","Attributes":1,"ValueType":"System.Guid"},"Value":"00000000-0000-0000-0000-000000000000"},{"Key":{"Id":"ParentExecId","Label":"ParentExecId","Category":"","Description":"","Attributes":1,"ValueType":"System.Guid"},"Value":"00000000-0000-0000-0000-000000000000"},{"Key":{"Id":"InnerResultsCount","Label":"InnerResultsCount","Category":"","Description":"","Attributes":1,"ValueType":"System.Int32"},"Value":0}]},{"TestCase":{"Id":"5e93ccc3-8dbe-3c5e-84a8-31c719a892ac","FullyQualifiedName":"lab12.UnitTests.QueueEnumeratorTests.Constr_ReturnFixedHeadCurrHeadAreEqualTrue","DisplayName":"Constr_ReturnFixedHeadCurrHeadAreEqualTrue","ExecutorUri":"executor://MSTestAdapter/v2","Source":"C:\\Users\\User\\source\\repos\\labsFrom12_OOP\\lab12.UnitTests\\bin\\Debug\\netcoreapp3.1\\fine-code-coverage\\build-output\\lab12.UnitTests.dll","CodeFilePath":null,"LineNumber":-1,"Properties":[{"Key":{"Id":"MSTestDiscoverer.TestClassName","Label":"ClassName","Category":"","Description":"","Attributes":1,"ValueType":"System.String"},"Value":"lab12.UnitTests.QueueEnumeratorTests"},{"Key":{"Id":"TestObject.Traits","Label":"Traits","Category":"","Description":"","Attributes":5,"ValueType":"System.Collections.Generic.KeyValuePair`2[[System.String],[System.String]][]"},"Value":[]}]},"Attachments":[],"Outcome":1,"ErrorMessage":null,"ErrorStackTrace":null,"DisplayName":null,"Messages":[],"ComputerName":null,"Duration":"00:00:00.0004762","StartTime":"2022-03-03T11:06:07.7344565+05:00","EndTime":"2022-03-03T11:06:07.7355292+05:00","Properties":[{"Key":{"Id":"ExecutionId","Label":"ExecutionId","Category":"","Description":"","Attributes":1,"ValueType":"System.Guid"},"Value":"00000000-0000-0000-0000-000000000000"},{"Key":{"Id":"ParentExecId","Label":"ParentExecId","Category":"","Description":"","Attributes":1,"ValueType":"System.Guid"},"Value":"00000000-0000-0000-0000-000000000000"},{"Key":{"Id":"InnerResultsCount","Label":"InnerResultsCount","Category":"","Description":"","Attributes":1,"ValueType":"System.Int32"},"Value":0}]},{"TestCase":{"Id":"2ca3d2b6-14e4-06c9-6a40-366745bb7dd6","FullyQualifiedName":"lab12.UnitTests.QueueEnumeratorTests.PropertyCurrent_ReturnAntonTrue","DisplayName":"PropertyCurrent_ReturnAntonTrue","ExecutorUri":"executor://MSTestAdapter/v2","Source":"C:\\Users\\User\\source\\repos\\labsFrom12_OOP\\lab12.UnitTests\\bin\\Debug\\netcoreapp3.1\\fine-code-coverage\\build-output\\lab12.UnitTests.dll","CodeFilePath":null,"LineNumber":-1,"Properties":[{"Key":{"Id":"MSTestDiscoverer.TestClassName","Label":"ClassName","Category":"","Description":"","Attributes":1,"ValueType":"System.String"},"Value":"lab12.UnitTests.QueueEnumeratorTests"},{"Key":{"Id":"TestObject.Traits","Label":"Traits","Category":"","Description":"","Attributes":5,"ValueType":"System.Collections.Generic.KeyValuePair`2[[System.String],[System.String]][]"},"Value":[]}]},"Attachments":[],"Outcome":1,"ErrorMessage":null,"ErrorStackTrace":null,"DisplayName":null,"Messages":[],"ComputerName":null,"Duration":"00:00:00.0004828","StartTime":"2022-03-03T11:06:07.7408721+05:00","EndTime":"2022-03-03T11:06:07.7417076+05:00","Properties":[{"Key":{"Id":"ExecutionId","Label":"ExecutionId","Category":"","Description":"","Attributes":1,"ValueType":"System.Guid"},"Value":"00000000-0000-0000-0000-000000000000"},{"Key":{"Id":"ParentExecId","Label":"ParentExecId","Category":"","Description":"","Attributes":1,"ValueType":"System.Guid"},"Value":"00000000-0000-0000-0000-000000000000"},{"Key":{"Id":"InnerResultsCount","Label":"InnerResultsCount","Category":"","Description":"","Attributes":1,"ValueType":"System.Int32"},"Value":0}]},{"TestCase":{"Id":"0311d895-535a-0a08-864f-71fbd5f5f4a8","FullyQualifiedName":"lab12.UnitTests.QueueEnumeratorTests.MoveNext_ReturnCurrentHeadAntonAndHeadEqualToFixedHeadTrue","DisplayName":"MoveNext_ReturnCurrentHeadAntonAndHeadEqualToFixedHeadTrue","ExecutorUri":"executor://MSTestAdapter/v2","Source":"C:\\Users\\User\\source\\repos\\labsFrom12_OOP\\lab12.UnitTests\\bin\\Debug\\netcoreapp3.1\\fine-code-coverage\\build-output\\lab12.UnitTests.dll","CodeFilePath":null,"LineNumber":-1,"Properties":[{"Key":{"Id":"MSTestDiscoverer.TestClassName","Label":"ClassName","Category":"","Description":"","Attributes":1,"ValueType":"System.String"},"Value":"lab12.UnitTests.QueueEnumeratorTests"},{"Key":{"Id":"TestObject.Traits","Label":"Traits","Category":"","Description":"","Attributes":5,"ValueType":"System.Collections.Generic.KeyValuePair`2[[System.String],[System.String]][]"},"Value":[]}]},"Attachments":[],"Outcome":1,"ErrorMessage":null,"ErrorStackTrace":null,"DisplayName":null,"Messages":[],"ComputerName":null,"Duration":"00:00:00.0005185","StartTime":"2022-03-03T11:06:07.7474923+05:00","EndTime":"2022-03-03T11:06:07.7483628+05:00","Properties":[{"Key":{"Id":"ExecutionId","Label":"ExecutionId","Category":"","Description":"","Attributes":1,"ValueType":"System.Guid"},"Value":"00000000-0000-0000-0000-000000000000"},{"Key":{"Id":"ParentExecId","Label":"ParentExecId","Category":"","Description":"","Attributes":1,"ValueType":"System.Guid"},"Value":"00000000-0000-0000-0000-000000000000"},{"Key":{"Id":"InnerResultsCount","Label":"InnerResultsCount","Category":"","Description":"","Attributes":1,"ValueType":"System.Int32"},"Value":0}]}],"TestRunStatistics":{"ExecutedTests":18,"Stats":{"Passed":18}},"ActiveTests":[{"Id":"e110e890-3599-9b81-5d59-92ad5703ec83","FullyQualifiedName":"lab12.UnitTests.QueueEnumeratorTests.MoveNext_ReturnCurrHeadAndFixedHeadAreNullTrue","DisplayName":"MoveNext_ReturnCurrHeadAndFixedHeadAreNullTrue","ExecutorUri":"executor://MSTestAdapter/v2","Source":"C:\\Users\\User\\source\\repos\\labsFrom12_OOP\\lab12.UnitTests\\bin\\Debug\\netcoreapp3.1\\fine-code-coverage\\build-output\\lab12.UnitTests.dll","CodeFilePath":null,"LineNumber":-1,"Properties":[{"Key":{"Id":"MSTestDiscoverer.TestClassName","Label":"ClassName","Category":"","Description":"","Attributes":1,"ValueType":"System.String"},"Value":"lab12.UnitTests.QueueEnumeratorTests"},{"Key":{"Id":"TestObject.Traits","Label":"Traits","Category":"","Description":"","Attributes":5,"ValueType":"System.Collections.Generic.KeyValuePair`2[[System.String],[System.String]][]"},"Value":[]}]}]}}
TpTrace Verbose: 0 : 14348, 14, 2022/03/03, 11:06:07.833, 13916775554191, vstest.console.dll, TestRunRequest:SendTestRunStatsChange: Starting.
TpTrace Verbose: 0 : 14348, 14, 2022/03/03, 11:06:07.833, 13916775555922, vstest.console.dll, InProgress is MoveNext_ReturnCurrHeadAndFixedHeadAreNullTrue
TpTrace Information: 0 : 14348, 14, 2022/03/03, 11:06:07.833, 13916775557094, vstest.console.dll, TestRunRequest:SendTestRunStatsChange: Completed.
TpTrace Verbose: 0 : 14348, 14, 2022/03/03, 11:06:07.833, 13916775557860, vstest.console.dll, TcpClientExtensions.MessageLoopAsync: Polling on remoteEndPoint: 127.0.0.1:63396 localEndPoint: 127.0.0.1:63395
TpTrace Verbose: 0 : 14348, 14, 2022/03/03, 11:06:07.835, 13916775578441, vstest.console.dll, TcpClientExtensions.MessageLoopAsync: NotifyDataAvailable remoteEndPoint: 127.0.0.1:63396 localEndPoint: 127.0.0.1:63395
TpTrace Verbose: 0 : 14348, 14, 2022/03/03, 11:06:07.835, 13916775582577, vstest.console.dll, TestRequestSender.OnExecutionMessageReceived: Received message: {"Version":2,"MessageType":"TestExecution.Completed","Payload":{"TestRunCompleteArgs":{"TestRunStatistics":{"ExecutedTests":22,"Stats":{"Passed":22}},"IsCanceled":false,"IsAborted":false,"Error":null,"AttachmentSets":[],"ElapsedTimeInRunningTests":"00:00:00.6780595","Metrics":{}},"LastRunTests":{"NewTestResults":[{"TestCase":{"Id":"e110e890-3599-9b81-5d59-92ad5703ec83","FullyQualifiedName":"lab12.UnitTests.QueueEnumeratorTests.MoveNext_ReturnCurrHeadAndFixedHeadAreNullTrue","DisplayName":"MoveNext_ReturnCurrHeadAndFixedHeadAreNullTrue","ExecutorUri":"executor://MSTestAdapter/v2","Source":"C:\\Users\\User\\source\\repos\\labsFrom12_OOP\\lab12.UnitTests\\bin\\Debug\\netcoreapp3.1\\fine-code-coverage\\build-output\\lab12.UnitTests.dll","CodeFilePath":null,"LineNumber":-1,"Properties":[{"Key":{"Id":"MSTestDiscoverer.TestClassName","Label":"ClassName","Category":"","Description":"","Attributes":1,"ValueType":"System.String"},"Value":"lab12.UnitTests.QueueEnumeratorTests"},{"Key":{"Id":"TestObject.Traits","Label":"Traits","Category":"","Description":"","Attributes":5,"ValueType":"System.Collections.Generic.KeyValuePair`2[[System.String],[System.String]][]"},"Value":[]}]},"Attachments":[],"Outcome":1,"ErrorMessage":null,"ErrorStackTrace":null,"DisplayName":null,"Messages":[],"ComputerName":null,"Duration":"00:00:00.0006278","StartTime":"2022-03-03T11:06:07.7645669+05:00","EndTime":"2022-03-03T11:06:07.7656357+05:00","Properties":[{"Key":{"Id":"ExecutionId","Label":"ExecutionId","Category":"","Description":"","Attributes":1,"ValueType":"System.Guid"},"Value":"00000000-0000-0000-0000-000000000000"},{"Key":{"Id":"ParentExecId","Label":"ParentExecId","Category":"","Description":"","Attributes":1,"ValueType":"System.Guid"},"Value":"00000000-0000-0000-0000-000000000000"},{"Key":{"Id":"InnerResultsCount","Label":"InnerResultsCount","Category":"","Description":"","Attributes":1,"ValueType":"System.Int32"},"Value":0}]},{"TestCase":{"Id":"d23078b5-c916-0c23-a5a5-3d190888ff7a","FullyQualifiedName":"lab12.UnitTests.QueueEnumeratorTests.MoveNext_ReturnAllToObjectsTrue","DisplayName":"MoveNext_ReturnAllToObjectsTrue","ExecutorUri":"executor://MSTestAdapter/v2","Source":"C:\\Users\\User\\source\\repos\\labsFrom12_OOP\\lab12.UnitTests\\bin\\Debug\\netcoreapp3.1\\fine-code-coverage\\build-output\\lab12.UnitTests.dll","CodeFilePath":null,"LineNumber":-1,"Properties":[{"Key":{"Id":"MSTestDiscoverer.TestClassName","Label":"ClassName","Category":"","Description":"","Attributes":1,"ValueType":"System.String"},"Value":"lab12.UnitTests.QueueEnumeratorTests"},{"Key":{"Id":"TestObject.Traits","Label":"Traits","Category":"","Description":"","Attributes":5,"ValueType":"System.Collections.Generic.KeyValuePair`2[[System.String],[System.String]][]"},"Value":[]}]},"Attachments":[],"Outcome":1,"ErrorMessage":null,"ErrorStackTrace":null,"DisplayName":null,"Messages":[],"ComputerName":null,"Duration":"00:00:00.0009932","StartTime":"2022-03-03T11:06:07.7723684+05:00","EndTime":"2022-03-03T11:06:07.7738333+05:00","Properties":[{"Key":{"Id":"ExecutionId","Label":"ExecutionId","Category":"","Description":"","Attributes":1,"ValueType":"System.Guid"},"Value":"00000000-0000-0000-0000-000000000000"},{"Key":{"Id":"ParentExecId","Label":"ParentExecId","Category":"","Description":"","Attributes":1,"ValueType":"System.Guid"},"Value":"00000000-0000-0000-0000-000000000000"},{"Key":{"Id":"InnerResultsCount","Label":"InnerResultsCount","Category":"","Description":"","Attributes":1,"ValueType":"System.Int32"},"Value":0}]},{"TestCase":{"Id":"15bae005-655e-2873-c856-100b4868eae1","FullyQualifiedName":"lab12.UnitTests.QueueEnumeratorTests.MoveNext_ReturnFalseAsEnumeratorEnds","DisplayName":"MoveNext_ReturnFalseAsEnumeratorEnds","ExecutorUri":"executor://MSTestAdapter/v2","Source":"C:\\Users\\User\\source\\repos\\labsFrom12_OOP\\lab12.UnitTests\\bin\\Debug\\netcoreapp3.1\\fine-code-coverage\\build-output\\lab12.UnitTests.dll","CodeFilePath":null,"LineNumber":-1,"Properties":[{"Key":{"Id":"MSTestDiscoverer.TestClassName","Label":"ClassName","Category":"","Description":"","Attributes":1,"ValueType":"System.String"},"Value":"lab12.UnitTests.QueueEnumeratorTests"},{"Key":{"Id":"TestObject.Traits","Label":"Traits","Category":"","Description":"","Attributes":5,"ValueType":"System.Collections.Generic.KeyValuePair`2[[System.String],[System.String]][]"},"Value":[]}]},"Attachments":[],"Outcome":1,"ErrorMessage":null,"ErrorStackTrace":null,"DisplayName":null,"Messages":[],"ComputerName":null,"Duration":"00:00:00.0005507","StartTime":"2022-03-03T11:06:07.7798208+05:00","EndTime":"2022-03-03T11:06:07.7807118+05:00","Properties":[{"Key":{"Id":"ExecutionId","Label":"ExecutionId","Category":"","Description":"","Attributes":1,"ValueType":"System.Guid"},"Value":"00000000-0000-0000-0000-000000000000"},{"Key":{"Id":"ParentExecId","Label":"ParentExecId","Category":"","Description":"","Attributes":1,"ValueType":"System.Guid"},"Value":"00000000-0000-0000-0000-000000000000"},{"Key":{"Id":"InnerResultsCount","Label":"InnerResultsCount","Category":"","Description":"","Attributes":1,"ValueType":"System.Int32"},"Value":0}]},{"TestCase":{"Id":"8def9461-06bc-e3e9-4fdb-a31aa414910e","FullyQualifiedName":"lab12.UnitTests.QueueEnumeratorTests.Reset_ReturnHeadNullTrue","DisplayName":"Reset_ReturnHeadNullTrue","ExecutorUri":"executor://MSTestAdapter/v2","Source":"C:\\Users\\User\\source\\repos\\labsFrom12_OOP\\lab12.UnitTests\\bin\\Debug\\netcoreapp3.1\\fine-code-coverage\\build-output\\lab12.UnitTests.dll","CodeFilePath":null,"LineNumber":-1,"Properties":[{"Key":{"Id":"MSTestDiscoverer.TestClassName","Label":"ClassName","Category":"","Description":"","Attributes":1,"ValueType":"System.String"},"Value":"lab12.UnitTests.QueueEnumeratorTests"},{"Key":{"Id":"TestObject.Traits","Label":"Traits","Category":"","Description":"","Attributes":5,"ValueType":"System.Collections.Generic.KeyValuePair`2[[System.String],[System.String]][]"},"Value":[]}]},"Attachments":[],"Outcome":1,"ErrorMessage":null,"ErrorStackTrace":null,"DisplayName":null,"Messages":[],"ComputerName":null,"Duration":"00:00:00.0006468","StartTime":"2022-03-03T11:06:07.7870827+05:00","EndTime":"2022-03-03T11:06:07.7880605+05:00","Properties":[{"Key":{"Id":"ExecutionId","Label":"ExecutionId","Category":"","Description":"","Attributes":1,"ValueType":"System.Guid"},"Value":"00000000-0000-0000-0000-000000000000"},{"Key":{"Id":"ParentExecId","Label":"ParentExecId","Category":"","Description":"","Attributes":1,"ValueType":"System.Guid"},"Value":"00000000-0000-0000-0000-000000000000"},{"Key":{"Id":"InnerResultsCount","Label":"InnerResultsCount","Category":"","Description":"","Attributes":1,"ValueType":"System.Int32"},"Value":0}]}],"TestRunStatistics":{"ExecutedTests":22,"Stats":{"Passed":22}},"ActiveTests":[]},"RunAttachments":[],"ExecutorUris":["executor://mstestadapter/v2"]}}
TpTrace Verbose: 0 : 14348, 14, 2022/03/03, 11:06:07.836, 13916775592485, vstest.console.dll, TestRequestSender.EndSession: Sending end session.
TpTrace Verbose: 0 : 14348, 14, 2022/03/03, 11:06:07.837, 13916775595014, vstest.console.dll, ProxyOperationManager.Close: waiting for test host to exit for 100 ms
TpTrace Warning: 0 : 14348, 12, 2022/03/03, 11:06:07.880, 13916776027971, vstest.console.dll, TestHostManagerCallbacks.ErrorReceivedCallback Test host standard error line: 
TpTrace Verbose: 0 : 14348, 7, 2022/03/03, 11:06:07.891, 13916776139499, vstest.console.dll, TestHostProvider.ExitCallBack: Host exited starting callback.
TpTrace Information: 0 : 14348, 7, 2022/03/03, 11:06:07.892, 13916776151582, vstest.console.dll, TestHostManagerCallbacks.ExitCallBack: Testhost processId: 15468 exited with exitcode: 0 error: ''
TpTrace Verbose: 0 : 14348, 7, 2022/03/03, 11:06:07.893, 13916776153244, vstest.console.dll, DotnetTestHostManager.OnHostExited: invoking OnHostExited callback
TpTrace Verbose: 0 : 14348, 7, 2022/03/03, 11:06:07.893, 13916776154547, vstest.console.dll, CrossPlatEngine.TestHostManagerHostExited: calling on client process exit callback.
TpTrace Information: 0 : 14348, 7, 2022/03/03, 11:06:07.893, 13916776156250, vstest.console.dll, TestRequestSender.OnClientProcessExit: Test host process exited. Standard error: 
TpTrace Warning: 0 : 14348, 14, 2022/03/03, 11:06:07.893, 13916776156376, vstest.console.dll, ProxyOperationManager: Timed out waiting for test host to exit. Will terminate process.
TpTrace Information: 0 : 14348, 7, 2022/03/03, 11:06:07.893, 13916776157375, vstest.console.dll, SocketServer.Stop: Stop server endPoint: 127.0.0.1:63395
TpTrace Information: 0 : 14348, 7, 2022/03/03, 11:06:07.893, 13916776158618, vstest.console.dll, SocketServer.Stop: Cancellation requested. Stopping message loop.
TpTrace Verbose: 0 : 14348, 14, 2022/03/03, 11:06:07.895, 13916776179414, vstest.console.dll, ProxyDataCollectionManager.InvokeDataCollectionServiceAction: Starting.
TpTrace Information: 0 : 14348, 14, 2022/03/03, 11:06:07.895, 13916776181464, vstest.console.dll, ProxyDataCollectionManager.AfterTestRunEnd: Get attachment set for datacollector processId: 12896 port: 63392
TpTrace Verbose: 0 : 14348, 14, 2022/03/03, 11:06:07.896, 13916776182908, vstest.console.dll, DataCollectionRequestSender.SendAfterTestRunStartAndGetResult : Send AfterTestRunEnd message with isCancelled: False
TpTrace Verbose: 0 : 14348, 14, 2022/03/03, 11:06:07.903, 13916776257159, vstest.console.dll, DataCollectionRequestSender.SendAfterTestRunStartAndGetResult : Received message: (DataCollection.AfterTestRunEndResult) -> {
  "AttachmentSets": [],
  "Metrics": {}
}
TpTrace Information: 0 : 14348, 14, 2022/03/03, 11:06:07.908, 13916776311834, vstest.console.dll, ProxyDataCollectionManager.InvokeDataCollectionServiceAction: Completed.
TpTrace Warning: 0 : 14348, 9, 2022/03/03, 11:06:07.912, 13916776349184, vstest.console.dll, DataCollectionLauncher.ErrorReceivedCallback datacollector standard error line: 
TpTrace Information: 0 : 14348, 7, 2022/03/03, 11:06:07.921, 13916776439370, vstest.console.dll, DataCollectionLauncher.ExitCallBack: Data collector exited with exitcode: 0 error: ''
TpTrace Verbose: 0 : 14348, 14, 2022/03/03, 11:06:07.957, 13916776801246, vstest.console.dll, TestRunRequest:SendTestRunStatsChange: Starting.
TpTrace Information: 0 : 14348, 14, 2022/03/03, 11:06:07.958, 13916776803455, vstest.console.dll, TestRunRequest:SendTestRunStatsChange: Completed.
TpTrace Verbose: 0 : 14348, 14, 2022/03/03, 11:06:07.958, 13916776807080, vstest.console.dll, ParallelProxyExecutionManager: HandlePartialRunComplete: Total completed clients = 1, Run complete = True, Run canceled: False.
TpTrace Verbose: 0 : 14348, 14, 2022/03/03, 11:06:07.998, 13916777205382, vstest.console.dll, TestRunRequest:TestRunComplete: Starting. IsAborted:False IsCanceled:False.
TpTrace Verbose: 0 : 14348, 14, 2022/03/03, 11:06:07.998, 13916777209584, vstest.console.dll, TestLoggerManager.HandleTestRunComplete: Ignoring as the object is disposed.
TpTrace Information: 0 : 14348, 14, 2022/03/03, 11:06:07.999, 13916777215152, vstest.console.dll, TestRunRequest:TestRunComplete: Completed.
TpTrace Verbose: 0 : 14348, 1, 2022/03/03, 11:06:07.999, 13916777215600, vstest.console.dll, TestRunRequest.Dispose: Starting.
TpTrace Verbose: 0 : 14348, 14, 2022/03/03, 11:06:07.999, 13916777216826, vstest.console.dll, TestRequestSender.SetOperationComplete: Setting operation complete.
TpTrace Information: 0 : 14348, 1, 2022/03/03, 11:06:07.999, 13916777216971, vstest.console.dll, TestRunRequest.Dispose: Completed.
TpTrace Information: 0 : 14348, 1, 2022/03/03, 11:06:07.999, 13916777218275, vstest.console.dll, TestRequestManager.RunTests: run tests completed.
TpTrace Information: 0 : 14348, 14, 2022/03/03, 11:06:07.999, 13916777219178, vstest.console.dll, SocketServer.Stop: Stop server endPoint: 127.0.0.1:63395
TpTrace Information: 0 : 14348, 1, 2022/03/03, 11:06:07.999, 13916777219533, vstest.console.dll, RunTestsArgumentProcessor:Execute: Test run is completed.
TpTrace Information: 0 : 14348, 14, 2022/03/03, 11:06:07.999, 13916777219616, vstest.console.dll, SocketServer.Stop: Cancellation requested. Stopping message loop.
TpTrace Information: 0 : 14348, 14, 2022/03/03, 11:06:07.999, 13916777220660, vstest.console.dll, SocketServer.PrivateStop: Stop server endPoint: 127.0.0.1:63395 error: 
TpTrace Verbose: 0 : 14348, 1, 2022/03/03, 11:06:08.000, 13916777222973, vstest.console.dll, Executor.Execute: Exiting with exit code of 0
